{
  "stats": {
    "suites": 12,
    "tests": 41,
    "passes": 22,
    "pending": 0,
    "failures": 19,
    "start": "2022-07-09T20:00:59.943Z",
    "end": "2022-07-09T20:02:37.637Z",
    "duration": 97694,
    "testsRegistered": 41,
    "passPercent": 53.65853658536586,
    "pendingPercent": 0,
    "other": 0,
    "hasOther": false,
    "skipped": 0,
    "hasSkipped": false
  },
  "results": [
    {
      "uuid": "8cfa0aba-20a7-4f6c-bc74-e10434f84fef",
      "title": "",
      "fullFile": "cypress/integration/project.spec.js",
      "file": "cypress/integration/project.spec.js",
      "beforeHooks": [],
      "afterHooks": [],
      "tests": [],
      "suites": [
        {
          "uuid": "7ae9f80a-6af9-41cd-af58-ca9ceac39861",
          "title": "1 - Adicione à página o título \"Paleta de Cores\".",
          "fullFile": "",
          "file": "",
          "beforeHooks": [],
          "afterHooks": [],
          "tests": [
            {
              "title": "Verifica se contém um elemento `h1` com o id `title` com o título correto",
              "fullTitle": "1 - Adicione à página o título \"Paleta de Cores\". Verifica se contém um elemento `h1` com o id `title` com o título correto",
              "timedOut": null,
              "duration": 307,
              "state": "passed",
              "speed": "slow",
              "pass": true,
              "fail": false,
              "pending": false,
              "context": null,
              "code": "cy.get('h1#title').should('contain.text', 'Paleta de Cores');",
              "err": {},
              "uuid": "a0637291-c6ac-4fc7-9724-9c7a38aea1ad",
              "parentUUID": "7ae9f80a-6af9-41cd-af58-ca9ceac39861",
              "isHook": false,
              "skipped": false
            }
          ],
          "suites": [],
          "passes": [
            "a0637291-c6ac-4fc7-9724-9c7a38aea1ad"
          ],
          "failures": [],
          "pending": [],
          "skipped": [],
          "duration": 307,
          "root": false,
          "rootEmpty": false,
          "_timeout": 2000
        },
        {
          "uuid": "6b257f24-3b59-4750-b4dc-1edd113d55ea",
          "title": "2 - Adicione à página uma paleta de quatro cores distintas.",
          "fullFile": "",
          "file": "",
          "beforeHooks": [],
          "afterHooks": [],
          "tests": [
            {
              "title": "A paleta de cores deve ser um elemento com `id` denominado `color-palette` e ter mais de 0px de altura e de largura.",
              "fullTitle": "2 - Adicione à página uma paleta de quatro cores distintas. A paleta de cores deve ser um elemento com `id` denominado `color-palette` e ter mais de 0px de altura e de largura.",
              "timedOut": null,
              "duration": 202,
              "state": "passed",
              "speed": "slow",
              "pass": true,
              "fail": false,
              "pending": false,
              "context": null,
              "code": "cy.get('#color-palette').should('be.visible');\ncy.get('#color-palette').children('.color');",
              "err": {},
              "uuid": "1fde7a64-c852-4db7-b7a9-3a5a7d9256ca",
              "parentUUID": "6b257f24-3b59-4750-b4dc-1edd113d55ea",
              "isHook": false,
              "skipped": false
            },
            {
              "title": "Verifica se cada cor individual da paleta de cores possui a `classe` chamada `color`.",
              "fullTitle": "2 - Adicione à página uma paleta de quatro cores distintas. Verifica se cada cor individual da paleta de cores possui a `classe` chamada `color`.",
              "timedOut": null,
              "duration": 192,
              "state": "passed",
              "speed": "slow",
              "pass": true,
              "fail": false,
              "pending": false,
              "context": null,
              "code": "cy.get('.color').should('have.length', 4).then(function (colors) {\n  for (var i = 0; i < colors.length; i++) {\n    cy.wrap(colors[i]).should('be.visible');\n  }\n});",
              "err": {},
              "uuid": "407aa4b9-0ffb-4d81-a017-ba7ea4d32791",
              "parentUUID": "6b257f24-3b59-4750-b4dc-1edd113d55ea",
              "isHook": false,
              "skipped": false
            },
            {
              "title": "Verifica se a cor de fundo de cada elemento da paleta é a cor que o elemento representa. **A única cor não permitida na paleta é a cor branca.**",
              "fullTitle": "2 - Adicione à página uma paleta de quatro cores distintas. Verifica se a cor de fundo de cada elemento da paleta é a cor que o elemento representa. **A única cor não permitida na paleta é a cor branca.**",
              "timedOut": null,
              "duration": 189,
              "state": "passed",
              "speed": "slow",
              "pass": true,
              "fail": false,
              "pending": false,
              "context": null,
              "code": "cy.get('.color').each(function (color) {\n  cy.wrap(color).should('have.class', 'color').and('not.have.css', 'background-color', WHITE);\n  cy.wrap(color).should('have.css', 'background-color');\n});",
              "err": {},
              "uuid": "8d02dac0-dbe6-4616-9203-66eebd02107f",
              "parentUUID": "6b257f24-3b59-4750-b4dc-1edd113d55ea",
              "isHook": false,
              "skipped": false
            },
            {
              "title": "Verifica se cada elemento da paleta de cores tem uma borda preta, sólida e com 1 pixel de largura;",
              "fullTitle": "2 - Adicione à página uma paleta de quatro cores distintas. Verifica se cada elemento da paleta de cores tem uma borda preta, sólida e com 1 pixel de largura;",
              "timedOut": null,
              "duration": 122,
              "state": "passed",
              "speed": "slow",
              "pass": true,
              "fail": false,
              "pending": false,
              "context": null,
              "code": "cy.get('.color').each(function (color) {\n  cy.wrap(color).and('have.css', 'border', \"1px solid \".concat(BLACK)).and('have.class', 'color');\n});",
              "err": {},
              "uuid": "7e60d701-b943-4dbc-bb04-a86c3478c49a",
              "parentUUID": "6b257f24-3b59-4750-b4dc-1edd113d55ea",
              "isHook": false,
              "skipped": false
            },
            {
              "title": "Verifica se a paleta lista todas as cores disponíveis para utilização, lado a lado.",
              "fullTitle": "2 - Adicione à página uma paleta de quatro cores distintas. Verifica se a paleta lista todas as cores disponíveis para utilização, lado a lado.",
              "timedOut": null,
              "duration": 206,
              "state": "passed",
              "speed": "slow",
              "pass": true,
              "fail": false,
              "pending": false,
              "context": null,
              "code": "cy.get('.color').then(function (colors) {\n  for (var index = 1; index < colors.length; index += 1) {\n    var currentColor = colors[index];\n    var previousColor = colors[index - 1];\n    cy.wrap(currentColor).should('be.onTheRightOf', previousColor).and('be.horizontallyAlignedWith', previousColor);\n  }\n});",
              "err": {},
              "uuid": "9a0cf66b-3ce9-4c44-add7-b81e9e08b8eb",
              "parentUUID": "6b257f24-3b59-4750-b4dc-1edd113d55ea",
              "isHook": false,
              "skipped": false
            },
            {
              "title": "Verifica se a paleta de cores está posicionada abaixo do título 'Paleta de Cores'",
              "fullTitle": "2 - Adicione à página uma paleta de quatro cores distintas. Verifica se a paleta de cores está posicionada abaixo do título 'Paleta de Cores'",
              "timedOut": null,
              "duration": 125,
              "state": "passed",
              "speed": "slow",
              "pass": true,
              "fail": false,
              "pending": false,
              "context": null,
              "code": "cy.get('h1#title').then(function (title) {\n  cy.get('#color-palette').should('be.belowOf', title);\n});",
              "err": {},
              "uuid": "dce23b63-e7d7-471b-a880-0d1d9125ffd2",
              "parentUUID": "6b257f24-3b59-4750-b4dc-1edd113d55ea",
              "isHook": false,
              "skipped": false
            },
            {
              "title": "Verifica se a paleta de cores não contém cores repetidas.",
              "fullTitle": "2 - Adicione à página uma paleta de quatro cores distintas. Verifica se a paleta de cores não contém cores repetidas.",
              "timedOut": null,
              "duration": 153,
              "state": "passed",
              "speed": "slow",
              "pass": true,
              "fail": false,
              "pending": false,
              "context": null,
              "code": "cy.get('.color').then(function (colors) {\n  var allColors = Array.from(colors).map(function (color) {\n    return Cypress.$(color).css('background-color');\n  });\n  cy.log(allColors);\n  var uniqColors = (0, _toConsumableArray2[\"default\"])(new Set(allColors));\n  cy.log(uniqColors);\n  expect(allColors.length).to.eq(uniqColors.length);\n});",
              "err": {},
              "uuid": "417801f7-642a-4261-8f9f-865301605160",
              "parentUUID": "6b257f24-3b59-4750-b4dc-1edd113d55ea",
              "isHook": false,
              "skipped": false
            }
          ],
          "suites": [],
          "passes": [
            "1fde7a64-c852-4db7-b7a9-3a5a7d9256ca",
            "407aa4b9-0ffb-4d81-a017-ba7ea4d32791",
            "8d02dac0-dbe6-4616-9203-66eebd02107f",
            "7e60d701-b943-4dbc-bb04-a86c3478c49a",
            "9a0cf66b-3ce9-4c44-add7-b81e9e08b8eb",
            "dce23b63-e7d7-471b-a880-0d1d9125ffd2",
            "417801f7-642a-4261-8f9f-865301605160"
          ],
          "failures": [],
          "pending": [],
          "skipped": [],
          "duration": 1189,
          "root": false,
          "rootEmpty": false,
          "_timeout": 2000
        },
        {
          "uuid": "db071019-1082-4a93-b175-a846fd8281c9",
          "title": "3 - Adicione a cor **preta** como a primeira cor da paleta de cores.",
          "fullFile": "",
          "file": "",
          "beforeHooks": [],
          "afterHooks": [],
          "tests": [
            {
              "title": "Verifica se a primeira cor da paleta é preta",
              "fullTitle": "3 - Adicione a cor **preta** como a primeira cor da paleta de cores. Verifica se a primeira cor da paleta é preta",
              "timedOut": null,
              "duration": 117,
              "state": "passed",
              "speed": "slow",
              "pass": true,
              "fail": false,
              "pending": false,
              "context": null,
              "code": "cy.get('.color').first().should('have.css', 'background-color', BLACK);",
              "err": {},
              "uuid": "e139d2b1-4607-4b4d-a1a6-b4fdc35d6ce7",
              "parentUUID": "db071019-1082-4a93-b175-a846fd8281c9",
              "isHook": false,
              "skipped": false
            },
            {
              "title": "Verifica se as demais cores podem ser escolhidas livremente.",
              "fullTitle": "3 - Adicione a cor **preta** como a primeira cor da paleta de cores. Verifica se as demais cores podem ser escolhidas livremente.",
              "timedOut": null,
              "duration": 231,
              "state": "passed",
              "speed": "slow",
              "pass": true,
              "fail": false,
              "pending": false,
              "context": null,
              "code": "cy.get('.color').eq(1).should('not.have.css', 'background-color', BLACK);\ncy.get('.color').eq(1).should('not.have.css', 'background-color', WHITE);\ncy.get('.color').eq(1).should('not.have.css', 'background-color', 'rgba(0, 0, 0, 0)');\ncy.get('.color').eq(1).should('have.css', 'background-color');\ncy.get('.color').eq(2).should('not.have.css', 'background-color', BLACK);\ncy.get('.color').eq(2).should('not.have.css', 'background-color', WHITE);\ncy.get('.color').eq(2).should('not.have.css', 'background-color', 'rgba(0, 0, 0, 0)');\ncy.get('.color').eq(2).should('have.css', 'background-color');\ncy.get('.color').eq(3).should('not.have.css', 'background-color', BLACK);\ncy.get('.color').eq(3).should('not.have.css', 'background-color', WHITE);\ncy.get('.color').eq(3).should('not.have.css', 'background-color', 'rgba(0, 0, 0, 0)');\ncy.get('.color').eq(3).should('have.css', 'background-color');",
              "err": {},
              "uuid": "ade29f35-3b09-4f68-8f76-a3722b0fa029",
              "parentUUID": "db071019-1082-4a93-b175-a846fd8281c9",
              "isHook": false,
              "skipped": false
            }
          ],
          "suites": [],
          "passes": [
            "e139d2b1-4607-4b4d-a1a6-b4fdc35d6ce7",
            "ade29f35-3b09-4f68-8f76-a3722b0fa029"
          ],
          "failures": [],
          "pending": [],
          "skipped": [],
          "duration": 348,
          "root": false,
          "rootEmpty": false,
          "_timeout": 2000
        },
        {
          "uuid": "163f3305-a368-4b3a-bb0a-a098f3d29e9b",
          "title": "4 - Adicione à página um quadro de pixels, com 25 pixels.",
          "fullFile": "",
          "file": "",
          "beforeHooks": [],
          "afterHooks": [],
          "tests": [
            {
              "title": "Verifica se o quadro de pixels possui o `id` denominado `pixel-board`",
              "fullTitle": "4 - Adicione à página um quadro de pixels, com 25 pixels. Verifica se o quadro de pixels possui o `id` denominado `pixel-board`",
              "timedOut": null,
              "duration": 139,
              "state": "passed",
              "speed": "slow",
              "pass": true,
              "fail": false,
              "pending": false,
              "context": null,
              "code": "cy.get('#pixel-board').should('be.visible');",
              "err": {},
              "uuid": "c6c3cb54-d611-4154-a0e9-4d2dde1139ee",
              "parentUUID": "163f3305-a368-4b3a-bb0a-a098f3d29e9b",
              "isHook": false,
              "skipped": false
            },
            {
              "title": "Verifica se cada pixel individual dentro do quadro possui a `classe` denominada `pixel`.",
              "fullTitle": "4 - Adicione à página um quadro de pixels, com 25 pixels. Verifica se cada pixel individual dentro do quadro possui a `classe` denominada `pixel`.",
              "timedOut": null,
              "duration": 175,
              "state": "passed",
              "speed": "slow",
              "pass": true,
              "fail": false,
              "pending": false,
              "context": null,
              "code": "cy.get('.pixel').should('have.length', 25);",
              "err": {},
              "uuid": "5bdaf184-90f0-4d68-866f-f950ab4c3153",
              "parentUUID": "163f3305-a368-4b3a-bb0a-a098f3d29e9b",
              "isHook": false,
              "skipped": false
            },
            {
              "title": "Verifica se a cor inicial dos pixels dentro do quadro, ao abrir a página, é branca.",
              "fullTitle": "4 - Adicione à página um quadro de pixels, com 25 pixels. Verifica se a cor inicial dos pixels dentro do quadro, ao abrir a página, é branca.",
              "timedOut": null,
              "duration": 163,
              "state": "passed",
              "speed": "slow",
              "pass": true,
              "fail": false,
              "pending": false,
              "context": null,
              "code": "cy.get('.pixel').should('have.length', 25).each(function (pixel) {\n  expect(pixel).to.have.css('background-color', WHITE);\n});",
              "err": {},
              "uuid": "a43170dd-dbf6-49e6-b930-5e68aee4225e",
              "parentUUID": "163f3305-a368-4b3a-bb0a-a098f3d29e9b",
              "isHook": false,
              "skipped": false
            },
            {
              "title": "Verifica se o quadro de pixels aparece abaixo da paleta de cores",
              "fullTitle": "4 - Adicione à página um quadro de pixels, com 25 pixels. Verifica se o quadro de pixels aparece abaixo da paleta de cores",
              "timedOut": null,
              "duration": 147,
              "state": "passed",
              "speed": "slow",
              "pass": true,
              "fail": false,
              "pending": false,
              "context": null,
              "code": "cy.get('#color-palette').then(function (palette) {\n  cy.get('#pixel-board').should('be.belowOf', palette);\n});",
              "err": {},
              "uuid": "b3a1309e-981a-49ed-8a93-d15f2b989449",
              "parentUUID": "163f3305-a368-4b3a-bb0a-a098f3d29e9b",
              "isHook": false,
              "skipped": false
            }
          ],
          "suites": [],
          "passes": [
            "c6c3cb54-d611-4154-a0e9-4d2dde1139ee",
            "5bdaf184-90f0-4d68-866f-f950ab4c3153",
            "a43170dd-dbf6-49e6-b930-5e68aee4225e",
            "b3a1309e-981a-49ed-8a93-d15f2b989449"
          ],
          "failures": [],
          "pending": [],
          "skipped": [],
          "duration": 624,
          "root": false,
          "rootEmpty": false,
          "_timeout": 2000
        },
        {
          "uuid": "20a51197-2890-4f16-8e14-cd8c99b89c38",
          "title": "5 - Faça com que cada elemento do quadro de pixels possua 40 pixels de largura, 40 pixels de altura e seja delimitado por uma borda preta de 1 pixel.",
          "fullFile": "",
          "file": "",
          "beforeHooks": [],
          "afterHooks": [],
          "tests": [
            {
              "title": "Verifica se o quadro de pixels tem altura e comprimento de 5 elementos",
              "fullTitle": "5 - Faça com que cada elemento do quadro de pixels possua 40 pixels de largura, 40 pixels de altura e seja delimitado por uma borda preta de 1 pixel. Verifica se o quadro de pixels tem altura e comprimento de 5 elementos",
              "timedOut": null,
              "duration": 383,
              "state": "passed",
              "speed": "slow",
              "pass": true,
              "fail": false,
              "pending": false,
              "context": null,
              "code": "cy.get('.pixel').should('have.length', 25).each(function (pixel) {\n  expect(pixel).to.have.css('background-color', WHITE);\n}).and(function (pixels) {\n  var rows = chunk(pixels, 5);\n  rows.forEach(function (row) {\n    for (var index = 1; index < row.length; index += 1) {\n      var current = pixels[index];\n      var previous = pixels[index - 1];\n      cy.wrap(current).should('be.onTheRightOf', previous).and('be.horizontallyAlignedWith', previous);\n    }\n  });\n  for (var index = 1; index < 5; index += 1) {\n    expect(pixels[index * 5]).to.be.belowOf(pixels[(index - 1) * 5]);\n  }\n});",
              "err": {},
              "uuid": "80dc99d2-25f4-4476-8c99-014089f4dab9",
              "parentUUID": "20a51197-2890-4f16-8e14-cd8c99b89c38",
              "isHook": false,
              "skipped": false
            },
            {
              "title": "Verifica se 40 pixels é o tamanho total do elemento, incluindo seu conteúdo e excluindo a borda preta, que deve ser criada à parte.",
              "fullTitle": "5 - Faça com que cada elemento do quadro de pixels possua 40 pixels de largura, 40 pixels de altura e seja delimitado por uma borda preta de 1 pixel. Verifica se 40 pixels é o tamanho total do elemento, incluindo seu conteúdo e excluindo a borda preta, que deve ser criada à parte.",
              "timedOut": null,
              "duration": 277,
              "state": "passed",
              "speed": "slow",
              "pass": true,
              "fail": false,
              "pending": false,
              "context": null,
              "code": "cy.get('.pixel').each(function (pixel) {\n  cy.wrap(pixel).should('have.css', 'height', '40px').and('have.css', 'width', '40px').and('have.css', 'border', \"1px solid \".concat(BLACK));\n});",
              "err": {},
              "uuid": "058afd2a-e4e6-4d3d-a53b-6222e88d35ac",
              "parentUUID": "20a51197-2890-4f16-8e14-cd8c99b89c38",
              "isHook": false,
              "skipped": false
            }
          ],
          "suites": [],
          "passes": [
            "80dc99d2-25f4-4476-8c99-014089f4dab9",
            "058afd2a-e4e6-4d3d-a53b-6222e88d35ac"
          ],
          "failures": [],
          "pending": [],
          "skipped": [],
          "duration": 660,
          "root": false,
          "rootEmpty": false,
          "_timeout": 2000
        },
        {
          "uuid": "bffdc3f5-f11e-4781-815c-5ff5622f9465",
          "title": "6 - Defina a cor preta como cor inicial. Ao carregar a página a cor preta já deve estar selecionada para pintar os pixels",
          "fullFile": "",
          "file": "",
          "beforeHooks": [],
          "afterHooks": [],
          "tests": [
            {
              "title": "Verifica se o elemento da cor preta possui, inicialmente, a `classe` `selected`",
              "fullTitle": "6 - Defina a cor preta como cor inicial. Ao carregar a página a cor preta já deve estar selecionada para pintar os pixels Verifica se o elemento da cor preta possui, inicialmente, a `classe` `selected`",
              "timedOut": null,
              "duration": 160,
              "state": "passed",
              "speed": "slow",
              "pass": true,
              "fail": false,
              "pending": false,
              "context": null,
              "code": "cy.get('.selected').first().should('have.css', 'background-color', BLACK);",
              "err": {},
              "uuid": "1a6ebde9-735e-4d76-a5fd-fe0cc5fc2bcf",
              "parentUUID": "bffdc3f5-f11e-4781-815c-5ff5622f9465",
              "isHook": false,
              "skipped": false
            },
            {
              "title": "Verifica se nenhuma outra cor da paleta tem a `classe` `selected`",
              "fullTitle": "6 - Defina a cor preta como cor inicial. Ao carregar a página a cor preta já deve estar selecionada para pintar os pixels Verifica se nenhuma outra cor da paleta tem a `classe` `selected`",
              "timedOut": null,
              "duration": 86,
              "state": "passed",
              "speed": "slow",
              "pass": true,
              "fail": false,
              "pending": false,
              "context": null,
              "code": "cy.get('.color:not(:first-child)').each(function (color) {\n  cy.wrap(color).should('not.have.class', 'selected');\n});",
              "err": {},
              "uuid": "df5fe15a-bd19-4832-a29f-c7b8b19a2296",
              "parentUUID": "bffdc3f5-f11e-4781-815c-5ff5622f9465",
              "isHook": false,
              "skipped": false
            }
          ],
          "suites": [],
          "passes": [
            "1a6ebde9-735e-4d76-a5fd-fe0cc5fc2bcf",
            "df5fe15a-bd19-4832-a29f-c7b8b19a2296"
          ],
          "failures": [],
          "pending": [],
          "skipped": [],
          "duration": 246,
          "root": false,
          "rootEmpty": false,
          "_timeout": 2000
        },
        {
          "uuid": "7e7ffae9-ce7c-4b6d-9c5e-2723e0a0d9b8",
          "title": "7 - Clicar em uma das cores da paleta, faz com que ela seja selecionada e utilizada para preencher os pixels no quadro.",
          "fullFile": "",
          "file": "",
          "beforeHooks": [],
          "afterHooks": [],
          "tests": [
            {
              "title": "Verifica se somente uma cor da paleta de cores tem a classe `selected` de cada vez",
              "fullTitle": "7 - Clicar em uma das cores da paleta, faz com que ela seja selecionada e utilizada para preencher os pixels no quadro. Verifica se somente uma cor da paleta de cores tem a classe `selected` de cada vez",
              "timedOut": null,
              "duration": 558,
              "state": "passed",
              "speed": "slow",
              "pass": true,
              "fail": false,
              "pending": false,
              "context": null,
              "code": "cy.get('.color').each(function (selectedColor, selectedColorIndex) {\n  cy.wrap(selectedColor).click();\n  cy.get('.color').each(function (color, colorIndex) {\n    if (colorIndex === selectedColorIndex) {\n      expect(color).to.have[\"class\"]('selected');\n    } else {\n      expect(color).not.to.have[\"class\"]('selected');\n    }\n  });\n});",
              "err": {},
              "uuid": "2edf6ef3-70ba-41cb-914f-da9367187319",
              "parentUUID": "7e7ffae9-ce7c-4b6d-9c5e-2723e0a0d9b8",
              "isHook": false,
              "skipped": false
            },
            {
              "title": "Verifica se os pixels dentro do quadro não têm a classe `selected` quando são clicados",
              "fullTitle": "7 - Clicar em uma das cores da paleta, faz com que ela seja selecionada e utilizada para preencher os pixels no quadro. Verifica se os pixels dentro do quadro não têm a classe `selected` quando são clicados",
              "timedOut": null,
              "duration": 8887,
              "state": "passed",
              "speed": "slow",
              "pass": true,
              "fail": false,
              "pending": false,
              "context": null,
              "code": "cy.get('.color').each(function (color) {\n  var backgroundColor = color.css('background-color');\n  cy.wrap(color).click();\n  cy.get('.pixel').each(function (pixel) {\n    cy.wrap(pixel).click().should('not.have.class', 'selected');\n  });\n});",
              "err": {},
              "uuid": "80bec21c-289e-43be-a8cc-fb21b42d6f0d",
              "parentUUID": "7e7ffae9-ce7c-4b6d-9c5e-2723e0a0d9b8",
              "isHook": false,
              "skipped": false
            }
          ],
          "suites": [],
          "passes": [
            "2edf6ef3-70ba-41cb-914f-da9367187319",
            "80bec21c-289e-43be-a8cc-fb21b42d6f0d"
          ],
          "failures": [],
          "pending": [],
          "skipped": [],
          "duration": 9445,
          "root": false,
          "rootEmpty": false,
          "_timeout": 2000
        },
        {
          "uuid": "72e2dd45-57fb-4f2f-9dcb-600139ac4816",
          "title": "8 - Clicar em um pixel dentro do quadro após selecionar uma cor na paleta, faz com que o pixel seja preenchido com a cor selecionada.",
          "fullFile": "",
          "file": "",
          "beforeHooks": [],
          "afterHooks": [],
          "tests": [
            {
              "title": "Verifica se ao carregar a página deve ser possível pintar os pixels de preto",
              "fullTitle": "8 - Clicar em um pixel dentro do quadro após selecionar uma cor na paleta, faz com que o pixel seja preenchido com a cor selecionada. Verifica se ao carregar a página deve ser possível pintar os pixels de preto",
              "timedOut": null,
              "duration": 2265,
              "state": "passed",
              "speed": "slow",
              "pass": true,
              "fail": false,
              "pending": false,
              "context": null,
              "code": "cy.get('.pixel').each(function (pixel) {\n  cy.wrap(pixel).click().should('have.css', 'background-color', BLACK);\n});",
              "err": {},
              "uuid": "6787b56d-a41d-4041-a866-a11d7712b932",
              "parentUUID": "72e2dd45-57fb-4f2f-9dcb-600139ac4816",
              "isHook": false,
              "skipped": false
            },
            {
              "title": "Verifica se após selecionar uma outra cor na paleta, é possível pintar os pixels com essa cor",
              "fullTitle": "8 - Clicar em um pixel dentro do quadro após selecionar uma cor na paleta, faz com que o pixel seja preenchido com a cor selecionada. Verifica se após selecionar uma outra cor na paleta, é possível pintar os pixels com essa cor",
              "timedOut": null,
              "duration": 6771,
              "state": "failed",
              "speed": null,
              "pass": false,
              "fail": true,
              "pending": false,
              "context": null,
              "code": "cy.get('.color').each(function (color) {\n  var backgroundColor = color.css('background-color');\n  cy.wrap(color).click();\n  cy.get('.pixel').each(function (pixel) {\n    cy.wrap(pixel).click().should('have.css', 'background-color', backgroundColor);\n  });\n});",
              "err": {
                "message": "CypressError: Timed out retrying: expected '<div.pixel>' to have CSS property 'background-color' with the value 'rgb(255, 0, 0)', but the value was 'rgb(0, 0, 0)'",
                "estack": "CypressError: Timed out retrying: expected '<div.pixel>' to have CSS property 'background-color' with the value 'rgb(255, 0, 0)', but the value was 'rgb(0, 0, 0)'\n    at cypressErr (http://localhost:36405/__cypress/runner/cypress_runner.js:149934:9)\n    at throwErr (http://localhost:36405/__cypress/runner/cypress_runner.js:149867:11)\n    at Object.throwErrByPath (http://localhost:36405/__cypress/runner/cypress_runner.js:149915:3)\n    at retry (http://localhost:36405/__cypress/runner/cypress_runner.js:144197:19)\n    at onFailFn (http://localhost:36405/__cypress/runner/cypress_runner.js:132448:16)\n    at tryCatcher (http://localhost:36405/__cypress/runner/cypress_runner.js:167415:23)\n    at Promise._settlePromiseFromHandler (http://localhost:36405/__cypress/runner/cypress_runner.js:165351:31)\n    at Promise._settlePromise (http://localhost:36405/__cypress/runner/cypress_runner.js:165408:18)\n    at Promise._settlePromise0 (http://localhost:36405/__cypress/runner/cypress_runner.js:165453:10)\n    at Promise._settlePromises (http://localhost:36405/__cypress/runner/cypress_runner.js:165528:18)\n    at Async../node_modules/bluebird/js/release/async.js.Async._drainQueue (http://localhost:36405/__cypress/runner/cypress_runner.js:162140:16)\n    at Async../node_modules/bluebird/js/release/async.js.Async._drainQueues (http://localhost:36405/__cypress/runner/cypress_runner.js:162150:10)\n    at Async.drainQueues (http://localhost:36405/__cypress/runner/cypress_runner.js:162024:14)",
                "diff": null
              },
              "uuid": "4c6f8625-9825-4cf1-bcc9-ded15975bf7a",
              "parentUUID": "72e2dd45-57fb-4f2f-9dcb-600139ac4816",
              "isHook": false,
              "skipped": false
            },
            {
              "title": "Verifica se somente o pixel que foi clicado foi preenchido com a cor selecionada, sem influenciar na cor dos demais pixels.",
              "fullTitle": "8 - Clicar em um pixel dentro do quadro após selecionar uma cor na paleta, faz com que o pixel seja preenchido com a cor selecionada. Verifica se somente o pixel que foi clicado foi preenchido com a cor selecionada, sem influenciar na cor dos demais pixels.",
              "timedOut": null,
              "duration": 1326,
              "state": "passed",
              "speed": "slow",
              "pass": true,
              "fail": false,
              "pending": false,
              "context": null,
              "code": "var colorToPixelIndexMap = {\n  0: 6,\n  1: 8,\n  2: 16,\n  3: 18\n};\ncy.get('.color').each(function (color, index) {\n  cy.wrap(color).click();\n  var backgroundColor = color.css('background-color');\n  var clickedPixelIndex = colorToPixelIndexMap[index];\n  cy.get('.pixel').eq(clickedPixelIndex).click();\n  cy.get('.pixel').eq(clickedPixelIndex - 1).should('not.have.css', 'background-color', backgroundColor);\n  cy.get('.pixel').eq(clickedPixelIndex + 1).should('not.have.css', 'background-color', backgroundColor);\n  cy.get('.pixel').eq(clickedPixelIndex - 5).should('not.have.css', 'background-color', backgroundColor);\n  cy.get('.pixel').eq(clickedPixelIndex + 5).should('not.have.css', 'background-color', backgroundColor);\n  cy.get('.pixel').eq(clickedPixelIndex - 6).should('not.have.css', 'background-color', backgroundColor);\n  cy.get('.pixel').eq(clickedPixelIndex - 4).should('not.have.css', 'background-color', backgroundColor);\n  cy.get('.pixel').eq(clickedPixelIndex + 4).should('not.have.css', 'background-color', backgroundColor);\n  cy.get('.pixel').eq(clickedPixelIndex + 6).should('not.have.css', 'background-color', backgroundColor);\n});",
              "err": {},
              "uuid": "a0bc3187-71c4-4ab2-9e1a-eb74b17a2eb8",
              "parentUUID": "72e2dd45-57fb-4f2f-9dcb-600139ac4816",
              "isHook": false,
              "skipped": false
            }
          ],
          "suites": [],
          "passes": [
            "6787b56d-a41d-4041-a866-a11d7712b932",
            "a0bc3187-71c4-4ab2-9e1a-eb74b17a2eb8"
          ],
          "failures": [
            "4c6f8625-9825-4cf1-bcc9-ded15975bf7a"
          ],
          "pending": [],
          "skipped": [],
          "duration": 10362,
          "root": false,
          "rootEmpty": false,
          "_timeout": 2000
        },
        {
          "uuid": "1f022ac7-4d55-46ad-b1ec-64238eb00246",
          "title": "9 - Crie um botão que, ao ser clicado, limpa o quadro preenchendo a cor de todos seus pixels com branco.",
          "fullFile": "",
          "file": "",
          "beforeHooks": [],
          "afterHooks": [],
          "tests": [
            {
              "title": "Verifica se o botão tem o `id` denominado `clear-board`",
              "fullTitle": "9 - Crie um botão que, ao ser clicado, limpa o quadro preenchendo a cor de todos seus pixels com branco. Verifica se o botão tem o `id` denominado `clear-board`",
              "timedOut": null,
              "duration": 4408,
              "state": "failed",
              "speed": null,
              "pass": false,
              "fail": true,
              "pending": false,
              "context": null,
              "code": "cy.get('#clear-board').should('be.visible');",
              "err": {
                "message": "CypressError: Timed out retrying: Expected to find element: '#clear-board', but never found it.",
                "estack": "CypressError: Timed out retrying: Expected to find element: '#clear-board', but never found it.\n    at cypressErr (http://localhost:36405/__cypress/runner/cypress_runner.js:149934:9)\n    at throwErr (http://localhost:36405/__cypress/runner/cypress_runner.js:149867:11)\n    at Object.throwErrByPath (http://localhost:36405/__cypress/runner/cypress_runner.js:149915:3)\n    at retry (http://localhost:36405/__cypress/runner/cypress_runner.js:144197:19)\n    at onFailFn (http://localhost:36405/__cypress/runner/cypress_runner.js:132448:16)\n    at tryCatcher (http://localhost:36405/__cypress/runner/cypress_runner.js:167415:23)\n    at Promise._settlePromiseFromHandler (http://localhost:36405/__cypress/runner/cypress_runner.js:165351:31)\n    at Promise._settlePromise (http://localhost:36405/__cypress/runner/cypress_runner.js:165408:18)\n    at Promise._settlePromise0 (http://localhost:36405/__cypress/runner/cypress_runner.js:165453:10)\n    at Promise._settlePromises (http://localhost:36405/__cypress/runner/cypress_runner.js:165528:18)\n    at Async../node_modules/bluebird/js/release/async.js.Async._drainQueue (http://localhost:36405/__cypress/runner/cypress_runner.js:162140:16)\n    at Async../node_modules/bluebird/js/release/async.js.Async._drainQueues (http://localhost:36405/__cypress/runner/cypress_runner.js:162150:10)\n    at Async.drainQueues (http://localhost:36405/__cypress/runner/cypress_runner.js:162024:14)",
                "diff": null
              },
              "uuid": "a79a769e-c247-4dff-be78-221284a05406",
              "parentUUID": "1f022ac7-4d55-46ad-b1ec-64238eb00246",
              "isHook": false,
              "skipped": false
            },
            {
              "title": "Verifica se o botão está posicionado entre a paleta de cores e o quadro de pixels",
              "fullTitle": "9 - Crie um botão que, ao ser clicado, limpa o quadro preenchendo a cor de todos seus pixels com branco. Verifica se o botão está posicionado entre a paleta de cores e o quadro de pixels",
              "timedOut": null,
              "duration": 4457,
              "state": "failed",
              "speed": null,
              "pass": false,
              "fail": true,
              "pending": false,
              "context": null,
              "code": "cy.get('#color-palette').then(function (palette) {\n  cy.get('#clear-board').should('be.belowOf', palette);\n});\ncy.get('#clear-board').then(function (clearBtn) {\n  cy.get('#pixel-board').should('be.belowOf', clearBtn);\n});",
              "err": {
                "message": "CypressError: Timed out retrying: Expected to find element: '#clear-board', but never found it.",
                "estack": "CypressError: Timed out retrying: Expected to find element: '#clear-board', but never found it.\n    at cypressErr (http://localhost:36405/__cypress/runner/cypress_runner.js:149934:9)\n    at throwErr (http://localhost:36405/__cypress/runner/cypress_runner.js:149867:11)\n    at Object.throwErrByPath (http://localhost:36405/__cypress/runner/cypress_runner.js:149915:3)\n    at retry (http://localhost:36405/__cypress/runner/cypress_runner.js:144197:19)\n    at onFailFn (http://localhost:36405/__cypress/runner/cypress_runner.js:132448:16)\n    at tryCatcher (http://localhost:36405/__cypress/runner/cypress_runner.js:167415:23)\n    at Promise._settlePromiseFromHandler (http://localhost:36405/__cypress/runner/cypress_runner.js:165351:31)\n    at Promise._settlePromise (http://localhost:36405/__cypress/runner/cypress_runner.js:165408:18)\n    at Promise._settlePromise0 (http://localhost:36405/__cypress/runner/cypress_runner.js:165453:10)\n    at Promise._settlePromises (http://localhost:36405/__cypress/runner/cypress_runner.js:165528:18)\n    at Async../node_modules/bluebird/js/release/async.js.Async._drainQueue (http://localhost:36405/__cypress/runner/cypress_runner.js:162140:16)\n    at Async../node_modules/bluebird/js/release/async.js.Async._drainQueues (http://localhost:36405/__cypress/runner/cypress_runner.js:162150:10)\n    at Async.drainQueues (http://localhost:36405/__cypress/runner/cypress_runner.js:162024:14)",
                "diff": null
              },
              "uuid": "47f039ab-a9b4-4dc7-a319-20a0323c23ea",
              "parentUUID": "1f022ac7-4d55-46ad-b1ec-64238eb00246",
              "isHook": false,
              "skipped": false
            },
            {
              "title": "Verifica se o texto do botão é 'Limpar'",
              "fullTitle": "9 - Crie um botão que, ao ser clicado, limpa o quadro preenchendo a cor de todos seus pixels com branco. Verifica se o texto do botão é 'Limpar'",
              "timedOut": null,
              "duration": 4518,
              "state": "failed",
              "speed": null,
              "pass": false,
              "fail": true,
              "pending": false,
              "context": null,
              "code": "cy.get('#clear-board').should('contain.text', 'Limpar');",
              "err": {
                "message": "CypressError: Timed out retrying: Expected to find element: '#clear-board', but never found it.",
                "estack": "CypressError: Timed out retrying: Expected to find element: '#clear-board', but never found it.\n    at cypressErr (http://localhost:36405/__cypress/runner/cypress_runner.js:149934:9)\n    at throwErr (http://localhost:36405/__cypress/runner/cypress_runner.js:149867:11)\n    at Object.throwErrByPath (http://localhost:36405/__cypress/runner/cypress_runner.js:149915:3)\n    at retry (http://localhost:36405/__cypress/runner/cypress_runner.js:144197:19)\n    at onFailFn (http://localhost:36405/__cypress/runner/cypress_runner.js:132448:16)\n    at tryCatcher (http://localhost:36405/__cypress/runner/cypress_runner.js:167415:23)\n    at Promise._settlePromiseFromHandler (http://localhost:36405/__cypress/runner/cypress_runner.js:165351:31)\n    at Promise._settlePromise (http://localhost:36405/__cypress/runner/cypress_runner.js:165408:18)\n    at Promise._settlePromise0 (http://localhost:36405/__cypress/runner/cypress_runner.js:165453:10)\n    at Promise._settlePromises (http://localhost:36405/__cypress/runner/cypress_runner.js:165528:18)\n    at Async../node_modules/bluebird/js/release/async.js.Async._drainQueue (http://localhost:36405/__cypress/runner/cypress_runner.js:162140:16)\n    at Async../node_modules/bluebird/js/release/async.js.Async._drainQueues (http://localhost:36405/__cypress/runner/cypress_runner.js:162150:10)\n    at Async.drainQueues (http://localhost:36405/__cypress/runner/cypress_runner.js:162024:14)",
                "diff": null
              },
              "uuid": "da33624d-5cac-4cd5-b0af-327ab34f2376",
              "parentUUID": "1f022ac7-4d55-46ad-b1ec-64238eb00246",
              "isHook": false,
              "skipped": false
            },
            {
              "title": "Verifica se ao clicar no botão, o quadro de pixels é totalmente preenchido de branco",
              "fullTitle": "9 - Crie um botão que, ao ser clicado, limpa o quadro preenchendo a cor de todos seus pixels com branco. Verifica se ao clicar no botão, o quadro de pixels é totalmente preenchido de branco",
              "timedOut": null,
              "duration": 4583,
              "state": "failed",
              "speed": null,
              "pass": false,
              "fail": true,
              "pending": false,
              "context": null,
              "code": "cy.get('.color').eq(1).then(function (color) {\n  var backgroundColor = color.css('background-color');\n  cy.wrap(color).click();\n  cy.get('.pixel').each(function (pixel) {\n    cy.wrap(pixel).click().should('have.css', 'background-color', backgroundColor);\n  });\n});\ncy.get('#clear-board').click();\ncy.get('.pixel').each(function (pixel) {\n  cy.wrap(pixel).should('have.css', 'background-color', WHITE);\n});",
              "err": {
                "message": "CypressError: Timed out retrying: expected '<div.pixel>' to have CSS property 'background-color' with the value 'rgb(255, 0, 0)', but the value was 'rgb(0, 0, 0)'",
                "estack": "CypressError: Timed out retrying: expected '<div.pixel>' to have CSS property 'background-color' with the value 'rgb(255, 0, 0)', but the value was 'rgb(0, 0, 0)'\n    at cypressErr (http://localhost:36405/__cypress/runner/cypress_runner.js:149934:9)\n    at throwErr (http://localhost:36405/__cypress/runner/cypress_runner.js:149867:11)\n    at Object.throwErrByPath (http://localhost:36405/__cypress/runner/cypress_runner.js:149915:3)\n    at retry (http://localhost:36405/__cypress/runner/cypress_runner.js:144197:19)\n    at onFailFn (http://localhost:36405/__cypress/runner/cypress_runner.js:132448:16)\n    at tryCatcher (http://localhost:36405/__cypress/runner/cypress_runner.js:167415:23)\n    at Promise._settlePromiseFromHandler (http://localhost:36405/__cypress/runner/cypress_runner.js:165351:31)\n    at Promise._settlePromise (http://localhost:36405/__cypress/runner/cypress_runner.js:165408:18)\n    at Promise._settlePromise0 (http://localhost:36405/__cypress/runner/cypress_runner.js:165453:10)\n    at Promise._settlePromises (http://localhost:36405/__cypress/runner/cypress_runner.js:165528:18)\n    at Async../node_modules/bluebird/js/release/async.js.Async._drainQueue (http://localhost:36405/__cypress/runner/cypress_runner.js:162140:16)\n    at Async../node_modules/bluebird/js/release/async.js.Async._drainQueues (http://localhost:36405/__cypress/runner/cypress_runner.js:162150:10)\n    at Async.drainQueues (http://localhost:36405/__cypress/runner/cypress_runner.js:162024:14)",
                "diff": null
              },
              "uuid": "78ed4a9e-e194-4b74-a71f-832e53a58dca",
              "parentUUID": "1f022ac7-4d55-46ad-b1ec-64238eb00246",
              "isHook": false,
              "skipped": false
            }
          ],
          "suites": [],
          "passes": [],
          "failures": [
            "a79a769e-c247-4dff-be78-221284a05406",
            "47f039ab-a9b4-4dc7-a319-20a0323c23ea",
            "da33624d-5cac-4cd5-b0af-327ab34f2376",
            "78ed4a9e-e194-4b74-a71f-832e53a58dca"
          ],
          "pending": [],
          "skipped": [],
          "duration": 17966,
          "root": false,
          "rootEmpty": false,
          "_timeout": 2000
        },
        {
          "uuid": "fc1749c6-7e06-40ce-8448-09ddb535733b",
          "title": "10 - Faça o quadro de pixels ter seu tamanho definido pelo usuário.",
          "fullFile": "",
          "file": "",
          "beforeHooks": [],
          "afterHooks": [],
          "tests": [
            {
              "title": "Verifica se existe um input com o id `board-size`",
              "fullTitle": "10 - Faça o quadro de pixels ter seu tamanho definido pelo usuário. Verifica se existe um input com o id `board-size`",
              "timedOut": null,
              "duration": 4478,
              "state": "failed",
              "speed": null,
              "pass": false,
              "fail": true,
              "pending": false,
              "context": null,
              "code": "cy.get('#board-size').should('be.visible');",
              "err": {
                "message": "CypressError: Timed out retrying: Expected to find element: '#board-size', but never found it.",
                "estack": "CypressError: Timed out retrying: Expected to find element: '#board-size', but never found it.\n    at cypressErr (http://localhost:36405/__cypress/runner/cypress_runner.js:149934:9)\n    at throwErr (http://localhost:36405/__cypress/runner/cypress_runner.js:149867:11)\n    at Object.throwErrByPath (http://localhost:36405/__cypress/runner/cypress_runner.js:149915:3)\n    at retry (http://localhost:36405/__cypress/runner/cypress_runner.js:144197:19)\n    at onFailFn (http://localhost:36405/__cypress/runner/cypress_runner.js:132448:16)\n    at tryCatcher (http://localhost:36405/__cypress/runner/cypress_runner.js:167415:23)\n    at Promise._settlePromiseFromHandler (http://localhost:36405/__cypress/runner/cypress_runner.js:165351:31)\n    at Promise._settlePromise (http://localhost:36405/__cypress/runner/cypress_runner.js:165408:18)\n    at Promise._settlePromise0 (http://localhost:36405/__cypress/runner/cypress_runner.js:165453:10)\n    at Promise._settlePromises (http://localhost:36405/__cypress/runner/cypress_runner.js:165528:18)\n    at Async../node_modules/bluebird/js/release/async.js.Async._drainQueue (http://localhost:36405/__cypress/runner/cypress_runner.js:162140:16)\n    at Async../node_modules/bluebird/js/release/async.js.Async._drainQueues (http://localhost:36405/__cypress/runner/cypress_runner.js:162150:10)\n    at Async.drainQueues (http://localhost:36405/__cypress/runner/cypress_runner.js:162024:14)",
                "diff": null
              },
              "uuid": "e7017027-58f1-440b-87c7-bd6cd025500a",
              "parentUUID": "fc1749c6-7e06-40ce-8448-09ddb535733b",
              "isHook": false,
              "skipped": false
            },
            {
              "title": "Verifica se existe um botão com o id `generate-board`",
              "fullTitle": "10 - Faça o quadro de pixels ter seu tamanho definido pelo usuário. Verifica se existe um botão com o id `generate-board`",
              "timedOut": null,
              "duration": 4443,
              "state": "failed",
              "speed": null,
              "pass": false,
              "fail": true,
              "pending": false,
              "context": null,
              "code": "cy.get('#generate-board').should('be.visible');",
              "err": {
                "message": "CypressError: Timed out retrying: Expected to find element: '#generate-board', but never found it.",
                "estack": "CypressError: Timed out retrying: Expected to find element: '#generate-board', but never found it.\n    at cypressErr (http://localhost:36405/__cypress/runner/cypress_runner.js:149934:9)\n    at throwErr (http://localhost:36405/__cypress/runner/cypress_runner.js:149867:11)\n    at Object.throwErrByPath (http://localhost:36405/__cypress/runner/cypress_runner.js:149915:3)\n    at retry (http://localhost:36405/__cypress/runner/cypress_runner.js:144197:19)\n    at onFailFn (http://localhost:36405/__cypress/runner/cypress_runner.js:132448:16)\n    at tryCatcher (http://localhost:36405/__cypress/runner/cypress_runner.js:167415:23)\n    at Promise._settlePromiseFromHandler (http://localhost:36405/__cypress/runner/cypress_runner.js:165351:31)\n    at Promise._settlePromise (http://localhost:36405/__cypress/runner/cypress_runner.js:165408:18)\n    at Promise._settlePromise0 (http://localhost:36405/__cypress/runner/cypress_runner.js:165453:10)\n    at Promise._settlePromises (http://localhost:36405/__cypress/runner/cypress_runner.js:165528:18)\n    at Async../node_modules/bluebird/js/release/async.js.Async._drainQueue (http://localhost:36405/__cypress/runner/cypress_runner.js:162140:16)\n    at Async../node_modules/bluebird/js/release/async.js.Async._drainQueues (http://localhost:36405/__cypress/runner/cypress_runner.js:162150:10)\n    at Async.drainQueues (http://localhost:36405/__cypress/runner/cypress_runner.js:162024:14)",
                "diff": null
              },
              "uuid": "9d001910-673b-4841-883f-7a22173ae1e2",
              "parentUUID": "fc1749c6-7e06-40ce-8448-09ddb535733b",
              "isHook": false,
              "skipped": false
            },
            {
              "title": "Verifica se o input só aceita número maiores que zero. Essa restrição deve ser feita usando os atributos do elemento `input`",
              "fullTitle": "10 - Faça o quadro de pixels ter seu tamanho definido pelo usuário. Verifica se o input só aceita número maiores que zero. Essa restrição deve ser feita usando os atributos do elemento `input`",
              "timedOut": null,
              "duration": 4668,
              "state": "failed",
              "speed": null,
              "pass": false,
              "fail": true,
              "pending": false,
              "context": null,
              "code": "cy.get('#board-size[type=\\'number\\'][min=\\'1\\']');",
              "err": {
                "message": "CypressError: Timed out retrying: Expected to find element: '#board-size[type='number'][min='1']', but never found it.",
                "estack": "CypressError: Timed out retrying: Expected to find element: '#board-size[type='number'][min='1']', but never found it.\n    at cypressErr (http://localhost:36405/__cypress/runner/cypress_runner.js:149934:9)\n    at throwErr (http://localhost:36405/__cypress/runner/cypress_runner.js:149867:11)\n    at Object.throwErrByPath (http://localhost:36405/__cypress/runner/cypress_runner.js:149915:3)\n    at retry (http://localhost:36405/__cypress/runner/cypress_runner.js:144197:19)\n    at onFailFn (http://localhost:36405/__cypress/runner/cypress_runner.js:132448:16)\n    at tryCatcher (http://localhost:36405/__cypress/runner/cypress_runner.js:167415:23)\n    at Promise._settlePromiseFromHandler (http://localhost:36405/__cypress/runner/cypress_runner.js:165351:31)\n    at Promise._settlePromise (http://localhost:36405/__cypress/runner/cypress_runner.js:165408:18)\n    at Promise._settlePromise0 (http://localhost:36405/__cypress/runner/cypress_runner.js:165453:10)\n    at Promise._settlePromises (http://localhost:36405/__cypress/runner/cypress_runner.js:165528:18)\n    at Async../node_modules/bluebird/js/release/async.js.Async._drainQueue (http://localhost:36405/__cypress/runner/cypress_runner.js:162140:16)\n    at Async../node_modules/bluebird/js/release/async.js.Async._drainQueues (http://localhost:36405/__cypress/runner/cypress_runner.js:162150:10)\n    at Async.drainQueues (http://localhost:36405/__cypress/runner/cypress_runner.js:162024:14)",
                "diff": null
              },
              "uuid": "ee4c0bf1-263d-41fd-bfaa-5779404259b8",
              "parentUUID": "fc1749c6-7e06-40ce-8448-09ddb535733b",
              "isHook": false,
              "skipped": false
            },
            {
              "title": "Verifica se o botão contém o texto 'VQV'",
              "fullTitle": "10 - Faça o quadro de pixels ter seu tamanho definido pelo usuário. Verifica se o botão contém o texto 'VQV'",
              "timedOut": null,
              "duration": 4403,
              "state": "failed",
              "speed": null,
              "pass": false,
              "fail": true,
              "pending": false,
              "context": null,
              "code": "cy.get('#generate-board').contains(/vqv/i);",
              "err": {
                "message": "CypressError: Timed out retrying: Expected to find element: '#generate-board', but never found it.",
                "estack": "CypressError: Timed out retrying: Expected to find element: '#generate-board', but never found it.\n    at cypressErr (http://localhost:36405/__cypress/runner/cypress_runner.js:149934:9)\n    at throwErr (http://localhost:36405/__cypress/runner/cypress_runner.js:149867:11)\n    at Object.throwErrByPath (http://localhost:36405/__cypress/runner/cypress_runner.js:149915:3)\n    at retry (http://localhost:36405/__cypress/runner/cypress_runner.js:144197:19)\n    at onFailFn (http://localhost:36405/__cypress/runner/cypress_runner.js:132448:16)\n    at tryCatcher (http://localhost:36405/__cypress/runner/cypress_runner.js:167415:23)\n    at Promise._settlePromiseFromHandler (http://localhost:36405/__cypress/runner/cypress_runner.js:165351:31)\n    at Promise._settlePromise (http://localhost:36405/__cypress/runner/cypress_runner.js:165408:18)\n    at Promise._settlePromise0 (http://localhost:36405/__cypress/runner/cypress_runner.js:165453:10)\n    at Promise._settlePromises (http://localhost:36405/__cypress/runner/cypress_runner.js:165528:18)\n    at Async../node_modules/bluebird/js/release/async.js.Async._drainQueue (http://localhost:36405/__cypress/runner/cypress_runner.js:162140:16)\n    at Async../node_modules/bluebird/js/release/async.js.Async._drainQueues (http://localhost:36405/__cypress/runner/cypress_runner.js:162150:10)\n    at Async.drainQueues (http://localhost:36405/__cypress/runner/cypress_runner.js:162024:14)",
                "diff": null
              },
              "uuid": "47815200-8c5e-4a24-9e2c-1353fb3bab03",
              "parentUUID": "fc1749c6-7e06-40ce-8448-09ddb535733b",
              "isHook": false,
              "skipped": false
            },
            {
              "title": "Verifica se o input está posicionado entre a paleta de cores e o quadro de pixels",
              "fullTitle": "10 - Faça o quadro de pixels ter seu tamanho definido pelo usuário. Verifica se o input está posicionado entre a paleta de cores e o quadro de pixels",
              "timedOut": null,
              "duration": 4459,
              "state": "failed",
              "speed": null,
              "pass": false,
              "fail": true,
              "pending": false,
              "context": null,
              "code": "cy.get('#color-palette').then(function (palette) {\n  cy.get('#board-size').should('be.belowOf', palette);\n});\ncy.get('#board-size').then(function (palette) {\n  cy.get('#pixel-board').should('be.belowOf', palette);\n});",
              "err": {
                "message": "CypressError: Timed out retrying: Expected to find element: '#board-size', but never found it.",
                "estack": "CypressError: Timed out retrying: Expected to find element: '#board-size', but never found it.\n    at cypressErr (http://localhost:36405/__cypress/runner/cypress_runner.js:149934:9)\n    at throwErr (http://localhost:36405/__cypress/runner/cypress_runner.js:149867:11)\n    at Object.throwErrByPath (http://localhost:36405/__cypress/runner/cypress_runner.js:149915:3)\n    at retry (http://localhost:36405/__cypress/runner/cypress_runner.js:144197:19)\n    at onFailFn (http://localhost:36405/__cypress/runner/cypress_runner.js:132448:16)\n    at tryCatcher (http://localhost:36405/__cypress/runner/cypress_runner.js:167415:23)\n    at Promise._settlePromiseFromHandler (http://localhost:36405/__cypress/runner/cypress_runner.js:165351:31)\n    at Promise._settlePromise (http://localhost:36405/__cypress/runner/cypress_runner.js:165408:18)\n    at Promise._settlePromise0 (http://localhost:36405/__cypress/runner/cypress_runner.js:165453:10)\n    at Promise._settlePromises (http://localhost:36405/__cypress/runner/cypress_runner.js:165528:18)\n    at Async../node_modules/bluebird/js/release/async.js.Async._drainQueue (http://localhost:36405/__cypress/runner/cypress_runner.js:162140:16)\n    at Async../node_modules/bluebird/js/release/async.js.Async._drainQueues (http://localhost:36405/__cypress/runner/cypress_runner.js:162150:10)\n    at Async.drainQueues (http://localhost:36405/__cypress/runner/cypress_runner.js:162024:14)",
                "diff": null
              },
              "uuid": "ee14bb32-8471-416f-8204-78700ebaaeb6",
              "parentUUID": "fc1749c6-7e06-40ce-8448-09ddb535733b",
              "isHook": false,
              "skipped": false
            },
            {
              "title": "Verifica se o botão está posicionado ao lado do input",
              "fullTitle": "10 - Faça o quadro de pixels ter seu tamanho definido pelo usuário. Verifica se o botão está posicionado ao lado do input",
              "timedOut": null,
              "duration": 4558,
              "state": "failed",
              "speed": null,
              "pass": false,
              "fail": true,
              "pending": false,
              "context": null,
              "code": "cy.get('#board-size').then(function (board) {\n  cy.get('#generate-board').should('be.onTheRightOf', board);\n});",
              "err": {
                "message": "CypressError: Timed out retrying: Expected to find element: '#board-size', but never found it.",
                "estack": "CypressError: Timed out retrying: Expected to find element: '#board-size', but never found it.\n    at cypressErr (http://localhost:36405/__cypress/runner/cypress_runner.js:149934:9)\n    at throwErr (http://localhost:36405/__cypress/runner/cypress_runner.js:149867:11)\n    at Object.throwErrByPath (http://localhost:36405/__cypress/runner/cypress_runner.js:149915:3)\n    at retry (http://localhost:36405/__cypress/runner/cypress_runner.js:144197:19)\n    at onFailFn (http://localhost:36405/__cypress/runner/cypress_runner.js:132448:16)\n    at tryCatcher (http://localhost:36405/__cypress/runner/cypress_runner.js:167415:23)\n    at Promise._settlePromiseFromHandler (http://localhost:36405/__cypress/runner/cypress_runner.js:165351:31)\n    at Promise._settlePromise (http://localhost:36405/__cypress/runner/cypress_runner.js:165408:18)\n    at Promise._settlePromise0 (http://localhost:36405/__cypress/runner/cypress_runner.js:165453:10)\n    at Promise._settlePromises (http://localhost:36405/__cypress/runner/cypress_runner.js:165528:18)\n    at Async../node_modules/bluebird/js/release/async.js.Async._drainQueue (http://localhost:36405/__cypress/runner/cypress_runner.js:162140:16)\n    at Async../node_modules/bluebird/js/release/async.js.Async._drainQueues (http://localhost:36405/__cypress/runner/cypress_runner.js:162150:10)\n    at Async.drainQueues (http://localhost:36405/__cypress/runner/cypress_runner.js:162024:14)",
                "diff": null
              },
              "uuid": "fddcaf40-d5ac-42ef-a1c2-734a01604255",
              "parentUUID": "fc1749c6-7e06-40ce-8448-09ddb535733b",
              "isHook": false,
              "skipped": false
            },
            {
              "title": "Verifica se nenhum valor for colocado no input ao clicar no botão, um `alert` é exibido com o texto: 'Board inválido!'",
              "fullTitle": "10 - Faça o quadro de pixels ter seu tamanho definido pelo usuário. Verifica se nenhum valor for colocado no input ao clicar no botão, um `alert` é exibido com o texto: 'Board inválido!'",
              "timedOut": null,
              "duration": 4519,
              "state": "failed",
              "speed": null,
              "pass": false,
              "fail": true,
              "pending": false,
              "context": null,
              "code": "var alerted = false;\ncy.on('window:alert', function (msg) {\n  return alerted = msg;\n});\ncy.get('#generate-board').click().then(function () {\n  return expect(alerted).to.match(/Board inválido!/i);\n});",
              "err": {
                "message": "CypressError: Timed out retrying: Expected to find element: '#generate-board', but never found it.",
                "estack": "CypressError: Timed out retrying: Expected to find element: '#generate-board', but never found it.\n    at cypressErr (http://localhost:36405/__cypress/runner/cypress_runner.js:149934:9)\n    at throwErr (http://localhost:36405/__cypress/runner/cypress_runner.js:149867:11)\n    at Object.throwErrByPath (http://localhost:36405/__cypress/runner/cypress_runner.js:149915:3)\n    at retry (http://localhost:36405/__cypress/runner/cypress_runner.js:144197:19)\n    at onFailFn (http://localhost:36405/__cypress/runner/cypress_runner.js:132448:16)\n    at tryCatcher (http://localhost:36405/__cypress/runner/cypress_runner.js:167415:23)\n    at Promise._settlePromiseFromHandler (http://localhost:36405/__cypress/runner/cypress_runner.js:165351:31)\n    at Promise._settlePromise (http://localhost:36405/__cypress/runner/cypress_runner.js:165408:18)\n    at Promise._settlePromise0 (http://localhost:36405/__cypress/runner/cypress_runner.js:165453:10)\n    at Promise._settlePromises (http://localhost:36405/__cypress/runner/cypress_runner.js:165528:18)\n    at Async../node_modules/bluebird/js/release/async.js.Async._drainQueue (http://localhost:36405/__cypress/runner/cypress_runner.js:162140:16)\n    at Async../node_modules/bluebird/js/release/async.js.Async._drainQueues (http://localhost:36405/__cypress/runner/cypress_runner.js:162150:10)\n    at Async.drainQueues (http://localhost:36405/__cypress/runner/cypress_runner.js:162024:14)",
                "diff": null
              },
              "uuid": "254787e5-56e2-4015-a70e-09275c4f4f64",
              "parentUUID": "fc1749c6-7e06-40ce-8448-09ddb535733b",
              "isHook": false,
              "skipped": false
            },
            {
              "title": "Verifica se ao clicar no botão com um valor preenchido, o tamanho do board muda.",
              "fullTitle": "10 - Faça o quadro de pixels ter seu tamanho definido pelo usuário. Verifica se ao clicar no botão com um valor preenchido, o tamanho do board muda.",
              "timedOut": null,
              "duration": 4528,
              "state": "failed",
              "speed": null,
              "pass": false,
              "fail": true,
              "pending": false,
              "context": null,
              "code": "cy.get('#board-size').clear().type(10);\ncy.get('#generate-board').click();\ncy.get('.pixel').should('have.length', 100);",
              "err": {
                "message": "CypressError: Timed out retrying: Expected to find element: '#board-size', but never found it.",
                "estack": "CypressError: Timed out retrying: Expected to find element: '#board-size', but never found it.\n    at cypressErr (http://localhost:36405/__cypress/runner/cypress_runner.js:149934:9)\n    at throwErr (http://localhost:36405/__cypress/runner/cypress_runner.js:149867:11)\n    at Object.throwErrByPath (http://localhost:36405/__cypress/runner/cypress_runner.js:149915:3)\n    at retry (http://localhost:36405/__cypress/runner/cypress_runner.js:144197:19)\n    at onFailFn (http://localhost:36405/__cypress/runner/cypress_runner.js:132448:16)\n    at tryCatcher (http://localhost:36405/__cypress/runner/cypress_runner.js:167415:23)\n    at Promise._settlePromiseFromHandler (http://localhost:36405/__cypress/runner/cypress_runner.js:165351:31)\n    at Promise._settlePromise (http://localhost:36405/__cypress/runner/cypress_runner.js:165408:18)\n    at Promise._settlePromise0 (http://localhost:36405/__cypress/runner/cypress_runner.js:165453:10)\n    at Promise._settlePromises (http://localhost:36405/__cypress/runner/cypress_runner.js:165528:18)\n    at Async../node_modules/bluebird/js/release/async.js.Async._drainQueue (http://localhost:36405/__cypress/runner/cypress_runner.js:162140:16)\n    at Async../node_modules/bluebird/js/release/async.js.Async._drainQueues (http://localhost:36405/__cypress/runner/cypress_runner.js:162150:10)\n    at Async.drainQueues (http://localhost:36405/__cypress/runner/cypress_runner.js:162024:14)",
                "diff": null
              },
              "uuid": "8d4d3e7c-54ac-4a1d-86e9-6654ef96554e",
              "parentUUID": "fc1749c6-7e06-40ce-8448-09ddb535733b",
              "isHook": false,
              "skipped": false
            },
            {
              "title": "Verifica se o novo quadro tem todos os pixels preenchidos com a cor branca",
              "fullTitle": "10 - Faça o quadro de pixels ter seu tamanho definido pelo usuário. Verifica se o novo quadro tem todos os pixels preenchidos com a cor branca",
              "timedOut": null,
              "duration": 4544,
              "state": "failed",
              "speed": null,
              "pass": false,
              "fail": true,
              "pending": false,
              "context": null,
              "code": "cy.get('#board-size').clear().type(6);\ncy.get('#generate-board').click();\ncy.get('.pixel').should('have.length', 36).each(function (pixel) {\n  expect(pixel).to.have.css('background-color', WHITE);\n});",
              "err": {
                "message": "CypressError: Timed out retrying: Expected to find element: '#board-size', but never found it.",
                "estack": "CypressError: Timed out retrying: Expected to find element: '#board-size', but never found it.\n    at cypressErr (http://localhost:36405/__cypress/runner/cypress_runner.js:149934:9)\n    at throwErr (http://localhost:36405/__cypress/runner/cypress_runner.js:149867:11)\n    at Object.throwErrByPath (http://localhost:36405/__cypress/runner/cypress_runner.js:149915:3)\n    at retry (http://localhost:36405/__cypress/runner/cypress_runner.js:144197:19)\n    at onFailFn (http://localhost:36405/__cypress/runner/cypress_runner.js:132448:16)\n    at tryCatcher (http://localhost:36405/__cypress/runner/cypress_runner.js:167415:23)\n    at Promise._settlePromiseFromHandler (http://localhost:36405/__cypress/runner/cypress_runner.js:165351:31)\n    at Promise._settlePromise (http://localhost:36405/__cypress/runner/cypress_runner.js:165408:18)\n    at Promise._settlePromise0 (http://localhost:36405/__cypress/runner/cypress_runner.js:165453:10)\n    at Promise._settlePromises (http://localhost:36405/__cypress/runner/cypress_runner.js:165528:18)\n    at Async../node_modules/bluebird/js/release/async.js.Async._drainQueue (http://localhost:36405/__cypress/runner/cypress_runner.js:162140:16)\n    at Async../node_modules/bluebird/js/release/async.js.Async._drainQueues (http://localhost:36405/__cypress/runner/cypress_runner.js:162150:10)\n    at Async.drainQueues (http://localhost:36405/__cypress/runner/cypress_runner.js:162024:14)",
                "diff": null
              },
              "uuid": "f9ca0406-3f61-468f-ac2e-4d47928ae260",
              "parentUUID": "fc1749c6-7e06-40ce-8448-09ddb535733b",
              "isHook": false,
              "skipped": false
            }
          ],
          "suites": [],
          "passes": [],
          "failures": [
            "e7017027-58f1-440b-87c7-bd6cd025500a",
            "9d001910-673b-4841-883f-7a22173ae1e2",
            "ee4c0bf1-263d-41fd-bfaa-5779404259b8",
            "47815200-8c5e-4a24-9e2c-1353fb3bab03",
            "ee14bb32-8471-416f-8204-78700ebaaeb6",
            "fddcaf40-d5ac-42ef-a1c2-734a01604255",
            "254787e5-56e2-4015-a70e-09275c4f4f64",
            "8d4d3e7c-54ac-4a1d-86e9-6654ef96554e",
            "f9ca0406-3f61-468f-ac2e-4d47928ae260"
          ],
          "pending": [],
          "skipped": [],
          "duration": 40600,
          "root": false,
          "rootEmpty": false,
          "_timeout": 2000
        },
        {
          "uuid": "71643ff2-c3af-4032-976a-7c490e792248",
          "title": "11 - Limite o tamanho mínimo e máximo do board.",
          "fullFile": "",
          "file": "",
          "beforeHooks": [],
          "afterHooks": [],
          "tests": [
            {
              "title": "Verifica se a altura máxima do board é 50",
              "fullTitle": "11 - Limite o tamanho mínimo e máximo do board. Verifica se a altura máxima do board é 50",
              "timedOut": null,
              "duration": 4597,
              "state": "failed",
              "speed": null,
              "pass": false,
              "fail": true,
              "pending": false,
              "context": null,
              "code": "cy.get('#board-size').clear().type(50);\ncy.get('#generate-board').click();\ncy.get('.pixel').should('have.length', 2500);",
              "err": {
                "message": "CypressError: Timed out retrying: Expected to find element: '#board-size', but never found it.",
                "estack": "CypressError: Timed out retrying: Expected to find element: '#board-size', but never found it.\n    at cypressErr (http://localhost:36405/__cypress/runner/cypress_runner.js:149934:9)\n    at throwErr (http://localhost:36405/__cypress/runner/cypress_runner.js:149867:11)\n    at Object.throwErrByPath (http://localhost:36405/__cypress/runner/cypress_runner.js:149915:3)\n    at retry (http://localhost:36405/__cypress/runner/cypress_runner.js:144197:19)\n    at onFailFn (http://localhost:36405/__cypress/runner/cypress_runner.js:132448:16)\n    at tryCatcher (http://localhost:36405/__cypress/runner/cypress_runner.js:167415:23)\n    at Promise._settlePromiseFromHandler (http://localhost:36405/__cypress/runner/cypress_runner.js:165351:31)\n    at Promise._settlePromise (http://localhost:36405/__cypress/runner/cypress_runner.js:165408:18)\n    at Promise._settlePromise0 (http://localhost:36405/__cypress/runner/cypress_runner.js:165453:10)\n    at Promise._settlePromises (http://localhost:36405/__cypress/runner/cypress_runner.js:165528:18)\n    at Async../node_modules/bluebird/js/release/async.js.Async._drainQueue (http://localhost:36405/__cypress/runner/cypress_runner.js:162140:16)\n    at Async../node_modules/bluebird/js/release/async.js.Async._drainQueues (http://localhost:36405/__cypress/runner/cypress_runner.js:162150:10)\n    at Async.drainQueues (http://localhost:36405/__cypress/runner/cypress_runner.js:162024:14)",
                "diff": null
              },
              "uuid": "4c056265-08ec-45dc-bd01-53c880097bb9",
              "parentUUID": "71643ff2-c3af-4032-976a-7c490e792248",
              "isHook": false,
              "skipped": false
            },
            {
              "title": "Verifica se a altura do board é 5 quando um valor menor é colocado no input",
              "fullTitle": "11 - Limite o tamanho mínimo e máximo do board. Verifica se a altura do board é 5 quando um valor menor é colocado no input",
              "timedOut": null,
              "duration": 4447,
              "state": "failed",
              "speed": null,
              "pass": false,
              "fail": true,
              "pending": false,
              "context": null,
              "code": "cy.get('#board-size').clear().type(4);\ncy.get('#generate-board').click();\ncy.get('.pixel').should('have.length', 25);",
              "err": {
                "message": "CypressError: Timed out retrying: Expected to find element: '#board-size', but never found it.",
                "estack": "CypressError: Timed out retrying: Expected to find element: '#board-size', but never found it.\n    at cypressErr (http://localhost:36405/__cypress/runner/cypress_runner.js:149934:9)\n    at throwErr (http://localhost:36405/__cypress/runner/cypress_runner.js:149867:11)\n    at Object.throwErrByPath (http://localhost:36405/__cypress/runner/cypress_runner.js:149915:3)\n    at retry (http://localhost:36405/__cypress/runner/cypress_runner.js:144197:19)\n    at onFailFn (http://localhost:36405/__cypress/runner/cypress_runner.js:132448:16)\n    at tryCatcher (http://localhost:36405/__cypress/runner/cypress_runner.js:167415:23)\n    at Promise._settlePromiseFromHandler (http://localhost:36405/__cypress/runner/cypress_runner.js:165351:31)\n    at Promise._settlePromise (http://localhost:36405/__cypress/runner/cypress_runner.js:165408:18)\n    at Promise._settlePromise0 (http://localhost:36405/__cypress/runner/cypress_runner.js:165453:10)\n    at Promise._settlePromises (http://localhost:36405/__cypress/runner/cypress_runner.js:165528:18)\n    at Async../node_modules/bluebird/js/release/async.js.Async._drainQueue (http://localhost:36405/__cypress/runner/cypress_runner.js:162140:16)\n    at Async../node_modules/bluebird/js/release/async.js.Async._drainQueues (http://localhost:36405/__cypress/runner/cypress_runner.js:162150:10)\n    at Async.drainQueues (http://localhost:36405/__cypress/runner/cypress_runner.js:162024:14)",
                "diff": null
              },
              "uuid": "577ee57b-e108-4f13-b8b6-28202a04574b",
              "parentUUID": "71643ff2-c3af-4032-976a-7c490e792248",
              "isHook": false,
              "skipped": false
            },
            {
              "title": "Verifica se a altura do board é 50 quando um valor maior é colocado no input",
              "fullTitle": "11 - Limite o tamanho mínimo e máximo do board. Verifica se a altura do board é 50 quando um valor maior é colocado no input",
              "timedOut": null,
              "duration": 4481,
              "state": "failed",
              "speed": null,
              "pass": false,
              "fail": true,
              "pending": false,
              "context": null,
              "code": "cy.get('#board-size').clear().type(51);\ncy.get('#generate-board').click();\ncy.get('.pixel').should('have.length', 2500);",
              "err": {
                "message": "CypressError: Timed out retrying: Expected to find element: '#board-size', but never found it.",
                "estack": "CypressError: Timed out retrying: Expected to find element: '#board-size', but never found it.\n    at cypressErr (http://localhost:36405/__cypress/runner/cypress_runner.js:149934:9)\n    at throwErr (http://localhost:36405/__cypress/runner/cypress_runner.js:149867:11)\n    at Object.throwErrByPath (http://localhost:36405/__cypress/runner/cypress_runner.js:149915:3)\n    at retry (http://localhost:36405/__cypress/runner/cypress_runner.js:144197:19)\n    at onFailFn (http://localhost:36405/__cypress/runner/cypress_runner.js:132448:16)\n    at tryCatcher (http://localhost:36405/__cypress/runner/cypress_runner.js:167415:23)\n    at Promise._settlePromiseFromHandler (http://localhost:36405/__cypress/runner/cypress_runner.js:165351:31)\n    at Promise._settlePromise (http://localhost:36405/__cypress/runner/cypress_runner.js:165408:18)\n    at Promise._settlePromise0 (http://localhost:36405/__cypress/runner/cypress_runner.js:165453:10)\n    at Promise._settlePromises (http://localhost:36405/__cypress/runner/cypress_runner.js:165528:18)\n    at Async../node_modules/bluebird/js/release/async.js.Async._drainQueue (http://localhost:36405/__cypress/runner/cypress_runner.js:162140:16)\n    at Async../node_modules/bluebird/js/release/async.js.Async._drainQueues (http://localhost:36405/__cypress/runner/cypress_runner.js:162150:10)\n    at Async.drainQueues (http://localhost:36405/__cypress/runner/cypress_runner.js:162024:14)",
                "diff": null
              },
              "uuid": "14240813-11ea-4610-b7d4-326879fc3950",
              "parentUUID": "71643ff2-c3af-4032-976a-7c490e792248",
              "isHook": false,
              "skipped": false
            }
          ],
          "suites": [],
          "passes": [],
          "failures": [
            "4c056265-08ec-45dc-bd01-53c880097bb9",
            "577ee57b-e108-4f13-b8b6-28202a04574b",
            "14240813-11ea-4610-b7d4-326879fc3950"
          ],
          "pending": [],
          "skipped": [],
          "duration": 13525,
          "root": false,
          "rootEmpty": false,
          "_timeout": 2000
        },
        {
          "uuid": "0cc466fb-088d-4cfe-9a9f-2585ff1dc058",
          "title": "12 - Faça com que as cores da paleta sejam geradas aleatoriamente ao carregar a página.",
          "fullFile": "",
          "file": "",
          "beforeHooks": [],
          "afterHooks": [],
          "tests": [
            {
              "title": "Verifica se as cores geradas na paleta são diferentes a cada carregamento da página",
              "fullTitle": "12 - Faça com que as cores da paleta sejam geradas aleatoriamente ao carregar a página. Verifica se as cores geradas na paleta são diferentes a cada carregamento da página",
              "timedOut": null,
              "duration": 526,
              "state": "failed",
              "speed": null,
              "pass": false,
              "fail": true,
              "pending": false,
              "context": null,
              "code": "cy.get('.color').then(function (colors) {\n  var currentColors;\n  var previousColors;\n  previousColors = Array.from(colors).map(function (color) {\n    return Cypress.$(color).css('background-color');\n  });\n  for (var i = 0; i < 5; i += 1) {\n    cy.reload();\n    cy.get('.color').then(function (colors) {\n      currentColors = Array.from(colors).map(function (color) {\n        return Cypress.$(color).css('background-color');\n      });\n      expect(currentColors).not.to.deep.equal(previousColors);\n      previousColors = currentColors;\n    });\n  }\n});",
              "err": {
                "message": "AssertionError: expected [ Array(4) ] to not deeply equal [ Array(4) ]",
                "estack": "AssertionError: expected [ Array(4) ] to not deeply equal [ Array(4) ]\n    at getRet (http://localhost:36405/__cypress/runner/cypress_runner.js:136585:16)\n    at tryCatcher (http://localhost:36405/__cypress/runner/cypress_runner.js:167415:23)\n    at Function.Promise.attempt.Promise.try (http://localhost:36405/__cypress/runner/cypress_runner.js:164690:29)\n    at Context.thenFn (http://localhost:36405/__cypress/runner/cypress_runner.js:136599:23)\n    at Context.then (http://localhost:36405/__cypress/runner/cypress_runner.js:136971:21)\n    at Context.<anonymous> (http://localhost:36405/__cypress/runner/cypress_runner.js:148875:21)\n    at http://localhost:36405/__cypress/runner/cypress_runner.js:148351:33\n    at tryCatcher (http://localhost:36405/__cypress/runner/cypress_runner.js:167415:23)\n    at Promise._settlePromiseFromHandler (http://localhost:36405/__cypress/runner/cypress_runner.js:165351:31)\n    at Promise._settlePromise (http://localhost:36405/__cypress/runner/cypress_runner.js:165408:18)\n    at Promise._settlePromiseCtx (http://localhost:36405/__cypress/runner/cypress_runner.js:165445:10)\n    at Async../node_modules/bluebird/js/release/async.js.Async._drainQueue (http://localhost:36405/__cypress/runner/cypress_runner.js:162145:12)\n    at Async../node_modules/bluebird/js/release/async.js.Async._drainQueues (http://localhost:36405/__cypress/runner/cypress_runner.js:162150:10)\n    at Async.drainQueues (http://localhost:36405/__cypress/runner/cypress_runner.js:162024:14)",
                "diff": ""
              },
              "uuid": "46851c2d-12ee-4dea-8a65-2097dbf25cef",
              "parentUUID": "0cc466fb-088d-4cfe-9a9f-2585ff1dc058",
              "isHook": false,
              "skipped": false
            },
            {
              "title": "Verifica se a cor preta ainda está presente e é a primeira na sua paleta de cores",
              "fullTitle": "12 - Faça com que as cores da paleta sejam geradas aleatoriamente ao carregar a página. Verifica se a cor preta ainda está presente e é a primeira na sua paleta de cores",
              "timedOut": null,
              "duration": 451,
              "state": "failed",
              "speed": null,
              "pass": false,
              "fail": true,
              "pending": false,
              "context": null,
              "code": "cy.get('.color').then(function (colors) {\n  var currentColors;\n  var previousColors;\n  previousColors = Array.from(colors).map(function (color) {\n    return Cypress.$(color).css('background-color');\n  });\n  expect(previousColors[0]).to.eq(BLACK);\n  for (var i = 0; i < 5; i += 1) {\n    cy.reload();\n    cy.get('.color').then(function (colors) {\n      currentColors = Array.from(colors).map(function (color) {\n        return Cypress.$(color).css('background-color');\n      });\n      expect(currentColors[0]).to.eq(BLACK);\n      expect(currentColors).not.to.deep.equal(previousColors);\n      previousColors = currentColors;\n    });\n  }\n});",
              "err": {
                "message": "AssertionError: expected [ Array(4) ] to not deeply equal [ Array(4) ]",
                "estack": "AssertionError: expected [ Array(4) ] to not deeply equal [ Array(4) ]\n    at getRet (http://localhost:36405/__cypress/runner/cypress_runner.js:136585:16)\n    at tryCatcher (http://localhost:36405/__cypress/runner/cypress_runner.js:167415:23)\n    at Function.Promise.attempt.Promise.try (http://localhost:36405/__cypress/runner/cypress_runner.js:164690:29)\n    at Context.thenFn (http://localhost:36405/__cypress/runner/cypress_runner.js:136599:23)\n    at Context.then (http://localhost:36405/__cypress/runner/cypress_runner.js:136971:21)\n    at Context.<anonymous> (http://localhost:36405/__cypress/runner/cypress_runner.js:148875:21)\n    at http://localhost:36405/__cypress/runner/cypress_runner.js:148351:33\n    at tryCatcher (http://localhost:36405/__cypress/runner/cypress_runner.js:167415:23)\n    at Promise._settlePromiseFromHandler (http://localhost:36405/__cypress/runner/cypress_runner.js:165351:31)\n    at Promise._settlePromise (http://localhost:36405/__cypress/runner/cypress_runner.js:165408:18)\n    at Promise._settlePromiseCtx (http://localhost:36405/__cypress/runner/cypress_runner.js:165445:10)\n    at Async../node_modules/bluebird/js/release/async.js.Async._drainQueue (http://localhost:36405/__cypress/runner/cypress_runner.js:162145:12)\n    at Async../node_modules/bluebird/js/release/async.js.Async._drainQueues (http://localhost:36405/__cypress/runner/cypress_runner.js:162150:10)\n    at Async.drainQueues (http://localhost:36405/__cypress/runner/cypress_runner.js:162024:14)",
                "diff": ""
              },
              "uuid": "340fa623-c308-4d8c-99d0-b759f7454160",
              "parentUUID": "0cc466fb-088d-4cfe-9a9f-2585ff1dc058",
              "isHook": false,
              "skipped": false
            }
          ],
          "suites": [],
          "passes": [],
          "failures": [
            "46851c2d-12ee-4dea-8a65-2097dbf25cef",
            "340fa623-c308-4d8c-99d0-b759f7454160"
          ],
          "pending": [],
          "skipped": [],
          "duration": 977,
          "root": false,
          "rootEmpty": false,
          "_timeout": 2000
        }
      ],
      "passes": [],
      "failures": [],
      "pending": [],
      "skipped": [],
      "duration": 0,
      "root": true,
      "rootEmpty": true,
      "_timeout": 2000
    }
  ],
  "meta": {
    "mocha": {
      "version": "7.0.1"
    },
    "mochawesome": {
      "options": {
        "quiet": false,
        "reportFilename": "mochawesome",
        "saveHtml": false,
        "saveJson": true,
        "consoleReporter": "spec",
        "useInlineDiffs": false
      },
      "version": "4.1.0"
    },
    "marge": {
      "options": {
        "id": "default",
        "reportDir": "cypress/reports",
        "overwrite": true,
        "html": false,
        "json": true
      },
      "version": "4.1.0"
    }
  }
}