{
  "stats": {
    "suites": 12,
    "tests": 41,
    "passes": 23,
    "pending": 0,
    "failures": 18,
    "start": "2022-07-11T13:40:53.863Z",
    "end": "2022-07-11T13:42:35.687Z",
    "duration": 101824,
    "testsRegistered": 41,
    "passPercent": 56.09756097560976,
    "pendingPercent": 0,
    "other": 0,
    "hasOther": false,
    "skipped": 0,
    "hasSkipped": false
  },
  "results": [
    {
      "uuid": "2efcddc9-3a9d-4c85-b0c0-f967841c6efe",
      "title": "",
      "fullFile": "cypress/integration/project.spec.js",
      "file": "cypress/integration/project.spec.js",
      "beforeHooks": [],
      "afterHooks": [],
      "tests": [],
      "suites": [
        {
          "uuid": "e9ea2d73-830f-4ce1-bbfb-70486d5a7fc7",
          "title": "1 - Adicione à página o título \"Paleta de Cores\".",
          "fullFile": "",
          "file": "",
          "beforeHooks": [],
          "afterHooks": [],
          "tests": [
            {
              "title": "Verifica se contém um elemento `h1` com o id `title` com o título correto",
              "fullTitle": "1 - Adicione à página o título \"Paleta de Cores\". Verifica se contém um elemento `h1` com o id `title` com o título correto",
              "timedOut": null,
              "duration": 259,
              "state": "passed",
              "speed": "slow",
              "pass": true,
              "fail": false,
              "pending": false,
              "context": null,
              "code": "cy.get('h1#title').should('contain.text', 'Paleta de Cores');",
              "err": {},
              "uuid": "359b3cb0-5aa9-4cf2-a657-66382d237fcc",
              "parentUUID": "e9ea2d73-830f-4ce1-bbfb-70486d5a7fc7",
              "isHook": false,
              "skipped": false
            }
          ],
          "suites": [],
          "passes": [
            "359b3cb0-5aa9-4cf2-a657-66382d237fcc"
          ],
          "failures": [],
          "pending": [],
          "skipped": [],
          "duration": 259,
          "root": false,
          "rootEmpty": false,
          "_timeout": 2000
        },
        {
          "uuid": "e0a344e2-16ea-4d3d-bfcd-c8da1e16aec0",
          "title": "2 - Adicione à página uma paleta de quatro cores distintas.",
          "fullFile": "",
          "file": "",
          "beforeHooks": [],
          "afterHooks": [],
          "tests": [
            {
              "title": "A paleta de cores deve ser um elemento com `id` denominado `color-palette` e ter mais de 0px de altura e de largura.",
              "fullTitle": "2 - Adicione à página uma paleta de quatro cores distintas. A paleta de cores deve ser um elemento com `id` denominado `color-palette` e ter mais de 0px de altura e de largura.",
              "timedOut": null,
              "duration": 172,
              "state": "passed",
              "speed": "slow",
              "pass": true,
              "fail": false,
              "pending": false,
              "context": null,
              "code": "cy.get('#color-palette').should('be.visible');\ncy.get('#color-palette').children('.color');",
              "err": {},
              "uuid": "b8c2c898-5443-4e9a-843b-9e65c2e50050",
              "parentUUID": "e0a344e2-16ea-4d3d-bfcd-c8da1e16aec0",
              "isHook": false,
              "skipped": false
            },
            {
              "title": "Verifica se cada cor individual da paleta de cores possui a `classe` chamada `color`.",
              "fullTitle": "2 - Adicione à página uma paleta de quatro cores distintas. Verifica se cada cor individual da paleta de cores possui a `classe` chamada `color`.",
              "timedOut": null,
              "duration": 236,
              "state": "passed",
              "speed": "slow",
              "pass": true,
              "fail": false,
              "pending": false,
              "context": null,
              "code": "cy.get('.color').should('have.length', 4).then(function (colors) {\n  for (var i = 0; i < colors.length; i++) {\n    cy.wrap(colors[i]).should('be.visible');\n  }\n});",
              "err": {},
              "uuid": "dbf59185-1808-43e3-af09-fb5cc8635d5e",
              "parentUUID": "e0a344e2-16ea-4d3d-bfcd-c8da1e16aec0",
              "isHook": false,
              "skipped": false
            },
            {
              "title": "Verifica se a cor de fundo de cada elemento da paleta é a cor que o elemento representa. **A única cor não permitida na paleta é a cor branca.**",
              "fullTitle": "2 - Adicione à página uma paleta de quatro cores distintas. Verifica se a cor de fundo de cada elemento da paleta é a cor que o elemento representa. **A única cor não permitida na paleta é a cor branca.**",
              "timedOut": null,
              "duration": 217,
              "state": "passed",
              "speed": "slow",
              "pass": true,
              "fail": false,
              "pending": false,
              "context": null,
              "code": "cy.get('.color').each(function (color) {\n  cy.wrap(color).should('have.class', 'color').and('not.have.css', 'background-color', WHITE);\n  cy.wrap(color).should('have.css', 'background-color');\n});",
              "err": {},
              "uuid": "1ecdde2e-124e-45a7-a79d-5ef869930f84",
              "parentUUID": "e0a344e2-16ea-4d3d-bfcd-c8da1e16aec0",
              "isHook": false,
              "skipped": false
            },
            {
              "title": "Verifica se cada elemento da paleta de cores tem uma borda preta, sólida e com 1 pixel de largura;",
              "fullTitle": "2 - Adicione à página uma paleta de quatro cores distintas. Verifica se cada elemento da paleta de cores tem uma borda preta, sólida e com 1 pixel de largura;",
              "timedOut": null,
              "duration": 200,
              "state": "passed",
              "speed": "slow",
              "pass": true,
              "fail": false,
              "pending": false,
              "context": null,
              "code": "cy.get('.color').each(function (color) {\n  cy.wrap(color).and('have.css', 'border', \"1px solid \".concat(BLACK)).and('have.class', 'color');\n});",
              "err": {},
              "uuid": "bb923cbc-5608-4057-8792-210a19a3b19b",
              "parentUUID": "e0a344e2-16ea-4d3d-bfcd-c8da1e16aec0",
              "isHook": false,
              "skipped": false
            },
            {
              "title": "Verifica se a paleta lista todas as cores disponíveis para utilização, lado a lado.",
              "fullTitle": "2 - Adicione à página uma paleta de quatro cores distintas. Verifica se a paleta lista todas as cores disponíveis para utilização, lado a lado.",
              "timedOut": null,
              "duration": 167,
              "state": "passed",
              "speed": "slow",
              "pass": true,
              "fail": false,
              "pending": false,
              "context": null,
              "code": "cy.get('.color').then(function (colors) {\n  for (var index = 1; index < colors.length; index += 1) {\n    var currentColor = colors[index];\n    var previousColor = colors[index - 1];\n    cy.wrap(currentColor).should('be.onTheRightOf', previousColor).and('be.horizontallyAlignedWith', previousColor);\n  }\n});",
              "err": {},
              "uuid": "dd7fb930-7103-4035-8625-4e7319f1ee73",
              "parentUUID": "e0a344e2-16ea-4d3d-bfcd-c8da1e16aec0",
              "isHook": false,
              "skipped": false
            },
            {
              "title": "Verifica se a paleta de cores está posicionada abaixo do título 'Paleta de Cores'",
              "fullTitle": "2 - Adicione à página uma paleta de quatro cores distintas. Verifica se a paleta de cores está posicionada abaixo do título 'Paleta de Cores'",
              "timedOut": null,
              "duration": 116,
              "state": "passed",
              "speed": "slow",
              "pass": true,
              "fail": false,
              "pending": false,
              "context": null,
              "code": "cy.get('h1#title').then(function (title) {\n  cy.get('#color-palette').should('be.belowOf', title);\n});",
              "err": {},
              "uuid": "fad58704-54be-4fd5-97b4-4c23ae69af39",
              "parentUUID": "e0a344e2-16ea-4d3d-bfcd-c8da1e16aec0",
              "isHook": false,
              "skipped": false
            },
            {
              "title": "Verifica se a paleta de cores não contém cores repetidas.",
              "fullTitle": "2 - Adicione à página uma paleta de quatro cores distintas. Verifica se a paleta de cores não contém cores repetidas.",
              "timedOut": null,
              "duration": 171,
              "state": "passed",
              "speed": "slow",
              "pass": true,
              "fail": false,
              "pending": false,
              "context": null,
              "code": "cy.get('.color').then(function (colors) {\n  var allColors = Array.from(colors).map(function (color) {\n    return Cypress.$(color).css('background-color');\n  });\n  cy.log(allColors);\n  var uniqColors = (0, _toConsumableArray2[\"default\"])(new Set(allColors));\n  cy.log(uniqColors);\n  expect(allColors.length).to.eq(uniqColors.length);\n});",
              "err": {},
              "uuid": "2cd0b1d2-a1e3-41cf-a3e3-d882bb923a1b",
              "parentUUID": "e0a344e2-16ea-4d3d-bfcd-c8da1e16aec0",
              "isHook": false,
              "skipped": false
            }
          ],
          "suites": [],
          "passes": [
            "b8c2c898-5443-4e9a-843b-9e65c2e50050",
            "dbf59185-1808-43e3-af09-fb5cc8635d5e",
            "1ecdde2e-124e-45a7-a79d-5ef869930f84",
            "bb923cbc-5608-4057-8792-210a19a3b19b",
            "dd7fb930-7103-4035-8625-4e7319f1ee73",
            "fad58704-54be-4fd5-97b4-4c23ae69af39",
            "2cd0b1d2-a1e3-41cf-a3e3-d882bb923a1b"
          ],
          "failures": [],
          "pending": [],
          "skipped": [],
          "duration": 1279,
          "root": false,
          "rootEmpty": false,
          "_timeout": 2000
        },
        {
          "uuid": "f10c0e8e-b86b-4c00-91b2-ca173233cfeb",
          "title": "3 - Adicione a cor **preta** como a primeira cor da paleta de cores.",
          "fullFile": "",
          "file": "",
          "beforeHooks": [],
          "afterHooks": [],
          "tests": [
            {
              "title": "Verifica se a primeira cor da paleta é preta",
              "fullTitle": "3 - Adicione a cor **preta** como a primeira cor da paleta de cores. Verifica se a primeira cor da paleta é preta",
              "timedOut": null,
              "duration": 167,
              "state": "passed",
              "speed": "slow",
              "pass": true,
              "fail": false,
              "pending": false,
              "context": null,
              "code": "cy.get('.color').first().should('have.css', 'background-color', BLACK);",
              "err": {},
              "uuid": "45769957-f68b-4907-8c7e-82c32d98b045",
              "parentUUID": "f10c0e8e-b86b-4c00-91b2-ca173233cfeb",
              "isHook": false,
              "skipped": false
            },
            {
              "title": "Verifica se as demais cores podem ser escolhidas livremente.",
              "fullTitle": "3 - Adicione a cor **preta** como a primeira cor da paleta de cores. Verifica se as demais cores podem ser escolhidas livremente.",
              "timedOut": null,
              "duration": 260,
              "state": "passed",
              "speed": "slow",
              "pass": true,
              "fail": false,
              "pending": false,
              "context": null,
              "code": "cy.get('.color').eq(1).should('not.have.css', 'background-color', BLACK);\ncy.get('.color').eq(1).should('not.have.css', 'background-color', WHITE);\ncy.get('.color').eq(1).should('not.have.css', 'background-color', 'rgba(0, 0, 0, 0)');\ncy.get('.color').eq(1).should('have.css', 'background-color');\ncy.get('.color').eq(2).should('not.have.css', 'background-color', BLACK);\ncy.get('.color').eq(2).should('not.have.css', 'background-color', WHITE);\ncy.get('.color').eq(2).should('not.have.css', 'background-color', 'rgba(0, 0, 0, 0)');\ncy.get('.color').eq(2).should('have.css', 'background-color');\ncy.get('.color').eq(3).should('not.have.css', 'background-color', BLACK);\ncy.get('.color').eq(3).should('not.have.css', 'background-color', WHITE);\ncy.get('.color').eq(3).should('not.have.css', 'background-color', 'rgba(0, 0, 0, 0)');\ncy.get('.color').eq(3).should('have.css', 'background-color');",
              "err": {},
              "uuid": "dd679b91-75e5-41d9-949b-0effa10baded",
              "parentUUID": "f10c0e8e-b86b-4c00-91b2-ca173233cfeb",
              "isHook": false,
              "skipped": false
            }
          ],
          "suites": [],
          "passes": [
            "45769957-f68b-4907-8c7e-82c32d98b045",
            "dd679b91-75e5-41d9-949b-0effa10baded"
          ],
          "failures": [],
          "pending": [],
          "skipped": [],
          "duration": 427,
          "root": false,
          "rootEmpty": false,
          "_timeout": 2000
        },
        {
          "uuid": "4016cc43-a316-433b-9c24-769a39544061",
          "title": "4 - Adicione à página um quadro de pixels, com 25 pixels.",
          "fullFile": "",
          "file": "",
          "beforeHooks": [],
          "afterHooks": [],
          "tests": [
            {
              "title": "Verifica se o quadro de pixels possui o `id` denominado `pixel-board`",
              "fullTitle": "4 - Adicione à página um quadro de pixels, com 25 pixels. Verifica se o quadro de pixels possui o `id` denominado `pixel-board`",
              "timedOut": null,
              "duration": 142,
              "state": "passed",
              "speed": "slow",
              "pass": true,
              "fail": false,
              "pending": false,
              "context": null,
              "code": "cy.get('#pixel-board').should('be.visible');",
              "err": {},
              "uuid": "5cb41f8b-0190-4db1-9a45-4edb1381eb0e",
              "parentUUID": "4016cc43-a316-433b-9c24-769a39544061",
              "isHook": false,
              "skipped": false
            },
            {
              "title": "Verifica se cada pixel individual dentro do quadro possui a `classe` denominada `pixel`.",
              "fullTitle": "4 - Adicione à página um quadro de pixels, com 25 pixels. Verifica se cada pixel individual dentro do quadro possui a `classe` denominada `pixel`.",
              "timedOut": null,
              "duration": 142,
              "state": "passed",
              "speed": "slow",
              "pass": true,
              "fail": false,
              "pending": false,
              "context": null,
              "code": "cy.get('.pixel').should('have.length', 25);",
              "err": {},
              "uuid": "bcf7a97c-a779-450b-a681-1ea7900a0171",
              "parentUUID": "4016cc43-a316-433b-9c24-769a39544061",
              "isHook": false,
              "skipped": false
            },
            {
              "title": "Verifica se a cor inicial dos pixels dentro do quadro, ao abrir a página, é branca.",
              "fullTitle": "4 - Adicione à página um quadro de pixels, com 25 pixels. Verifica se a cor inicial dos pixels dentro do quadro, ao abrir a página, é branca.",
              "timedOut": null,
              "duration": 159,
              "state": "passed",
              "speed": "slow",
              "pass": true,
              "fail": false,
              "pending": false,
              "context": null,
              "code": "cy.get('.pixel').should('have.length', 25).each(function (pixel) {\n  expect(pixel).to.have.css('background-color', WHITE);\n});",
              "err": {},
              "uuid": "d2ad265e-aef9-4736-a8a6-20d6bcde5cdf",
              "parentUUID": "4016cc43-a316-433b-9c24-769a39544061",
              "isHook": false,
              "skipped": false
            },
            {
              "title": "Verifica se o quadro de pixels aparece abaixo da paleta de cores",
              "fullTitle": "4 - Adicione à página um quadro de pixels, com 25 pixels. Verifica se o quadro de pixels aparece abaixo da paleta de cores",
              "timedOut": null,
              "duration": 162,
              "state": "passed",
              "speed": "slow",
              "pass": true,
              "fail": false,
              "pending": false,
              "context": null,
              "code": "cy.get('#color-palette').then(function (palette) {\n  cy.get('#pixel-board').should('be.belowOf', palette);\n});",
              "err": {},
              "uuid": "dac7d21e-e689-400b-a782-b1299f9872f5",
              "parentUUID": "4016cc43-a316-433b-9c24-769a39544061",
              "isHook": false,
              "skipped": false
            }
          ],
          "suites": [],
          "passes": [
            "5cb41f8b-0190-4db1-9a45-4edb1381eb0e",
            "bcf7a97c-a779-450b-a681-1ea7900a0171",
            "d2ad265e-aef9-4736-a8a6-20d6bcde5cdf",
            "dac7d21e-e689-400b-a782-b1299f9872f5"
          ],
          "failures": [],
          "pending": [],
          "skipped": [],
          "duration": 605,
          "root": false,
          "rootEmpty": false,
          "_timeout": 2000
        },
        {
          "uuid": "eb34272d-a370-4df7-b1ea-5c8596327674",
          "title": "5 - Faça com que cada elemento do quadro de pixels possua 40 pixels de largura, 40 pixels de altura e seja delimitado por uma borda preta de 1 pixel.",
          "fullFile": "",
          "file": "",
          "beforeHooks": [],
          "afterHooks": [],
          "tests": [
            {
              "title": "Verifica se o quadro de pixels tem altura e comprimento de 5 elementos",
              "fullTitle": "5 - Faça com que cada elemento do quadro de pixels possua 40 pixels de largura, 40 pixels de altura e seja delimitado por uma borda preta de 1 pixel. Verifica se o quadro de pixels tem altura e comprimento de 5 elementos",
              "timedOut": null,
              "duration": 327,
              "state": "passed",
              "speed": "slow",
              "pass": true,
              "fail": false,
              "pending": false,
              "context": null,
              "code": "cy.get('.pixel').should('have.length', 25).each(function (pixel) {\n  expect(pixel).to.have.css('background-color', WHITE);\n}).and(function (pixels) {\n  var rows = chunk(pixels, 5);\n  rows.forEach(function (row) {\n    for (var index = 1; index < row.length; index += 1) {\n      var current = pixels[index];\n      var previous = pixels[index - 1];\n      cy.wrap(current).should('be.onTheRightOf', previous).and('be.horizontallyAlignedWith', previous);\n    }\n  });\n  for (var index = 1; index < 5; index += 1) {\n    expect(pixels[index * 5]).to.be.belowOf(pixels[(index - 1) * 5]);\n  }\n});",
              "err": {},
              "uuid": "8977590b-6e7e-455c-a672-bacca2a3e3f0",
              "parentUUID": "eb34272d-a370-4df7-b1ea-5c8596327674",
              "isHook": false,
              "skipped": false
            },
            {
              "title": "Verifica se 40 pixels é o tamanho total do elemento, incluindo seu conteúdo e excluindo a borda preta, que deve ser criada à parte.",
              "fullTitle": "5 - Faça com que cada elemento do quadro de pixels possua 40 pixels de largura, 40 pixels de altura e seja delimitado por uma borda preta de 1 pixel. Verifica se 40 pixels é o tamanho total do elemento, incluindo seu conteúdo e excluindo a borda preta, que deve ser criada à parte.",
              "timedOut": null,
              "duration": 248,
              "state": "passed",
              "speed": "slow",
              "pass": true,
              "fail": false,
              "pending": false,
              "context": null,
              "code": "cy.get('.pixel').each(function (pixel) {\n  cy.wrap(pixel).should('have.css', 'height', '40px').and('have.css', 'width', '40px').and('have.css', 'border', \"1px solid \".concat(BLACK));\n});",
              "err": {},
              "uuid": "c7efddfa-4b38-4055-b36c-5ca498ef03de",
              "parentUUID": "eb34272d-a370-4df7-b1ea-5c8596327674",
              "isHook": false,
              "skipped": false
            }
          ],
          "suites": [],
          "passes": [
            "8977590b-6e7e-455c-a672-bacca2a3e3f0",
            "c7efddfa-4b38-4055-b36c-5ca498ef03de"
          ],
          "failures": [],
          "pending": [],
          "skipped": [],
          "duration": 575,
          "root": false,
          "rootEmpty": false,
          "_timeout": 2000
        },
        {
          "uuid": "fe30ee67-b3cb-4f6b-8082-9d8181d2d2ef",
          "title": "6 - Defina a cor preta como cor inicial. Ao carregar a página a cor preta já deve estar selecionada para pintar os pixels",
          "fullFile": "",
          "file": "",
          "beforeHooks": [],
          "afterHooks": [],
          "tests": [
            {
              "title": "Verifica se o elemento da cor preta possui, inicialmente, a `classe` `selected`",
              "fullTitle": "6 - Defina a cor preta como cor inicial. Ao carregar a página a cor preta já deve estar selecionada para pintar os pixels Verifica se o elemento da cor preta possui, inicialmente, a `classe` `selected`",
              "timedOut": null,
              "duration": 161,
              "state": "passed",
              "speed": "slow",
              "pass": true,
              "fail": false,
              "pending": false,
              "context": null,
              "code": "cy.get('.selected').first().should('have.css', 'background-color', BLACK);",
              "err": {},
              "uuid": "d06ec614-3ef1-44bf-b46f-2455d20bd227",
              "parentUUID": "fe30ee67-b3cb-4f6b-8082-9d8181d2d2ef",
              "isHook": false,
              "skipped": false
            },
            {
              "title": "Verifica se nenhuma outra cor da paleta tem a `classe` `selected`",
              "fullTitle": "6 - Defina a cor preta como cor inicial. Ao carregar a página a cor preta já deve estar selecionada para pintar os pixels Verifica se nenhuma outra cor da paleta tem a `classe` `selected`",
              "timedOut": null,
              "duration": 137,
              "state": "passed",
              "speed": "slow",
              "pass": true,
              "fail": false,
              "pending": false,
              "context": null,
              "code": "cy.get('.color:not(:first-child)').each(function (color) {\n  cy.wrap(color).should('not.have.class', 'selected');\n});",
              "err": {},
              "uuid": "81030121-1816-4189-96b2-87b3e398b689",
              "parentUUID": "fe30ee67-b3cb-4f6b-8082-9d8181d2d2ef",
              "isHook": false,
              "skipped": false
            }
          ],
          "suites": [],
          "passes": [
            "d06ec614-3ef1-44bf-b46f-2455d20bd227",
            "81030121-1816-4189-96b2-87b3e398b689"
          ],
          "failures": [],
          "pending": [],
          "skipped": [],
          "duration": 298,
          "root": false,
          "rootEmpty": false,
          "_timeout": 2000
        },
        {
          "uuid": "178c1982-3a52-4d07-ae38-58ebc6c18b3b",
          "title": "7 - Clicar em uma das cores da paleta, faz com que ela seja selecionada e utilizada para preencher os pixels no quadro.",
          "fullFile": "",
          "file": "",
          "beforeHooks": [],
          "afterHooks": [],
          "tests": [
            {
              "title": "Verifica se somente uma cor da paleta de cores tem a classe `selected` de cada vez",
              "fullTitle": "7 - Clicar em uma das cores da paleta, faz com que ela seja selecionada e utilizada para preencher os pixels no quadro. Verifica se somente uma cor da paleta de cores tem a classe `selected` de cada vez",
              "timedOut": null,
              "duration": 555,
              "state": "passed",
              "speed": "slow",
              "pass": true,
              "fail": false,
              "pending": false,
              "context": null,
              "code": "cy.get('.color').each(function (selectedColor, selectedColorIndex) {\n  cy.wrap(selectedColor).click();\n  cy.get('.color').each(function (color, colorIndex) {\n    if (colorIndex === selectedColorIndex) {\n      expect(color).to.have[\"class\"]('selected');\n    } else {\n      expect(color).not.to.have[\"class\"]('selected');\n    }\n  });\n});",
              "err": {},
              "uuid": "540a7af7-7936-473c-a18e-9a963e8009f4",
              "parentUUID": "178c1982-3a52-4d07-ae38-58ebc6c18b3b",
              "isHook": false,
              "skipped": false
            },
            {
              "title": "Verifica se os pixels dentro do quadro não têm a classe `selected` quando são clicados",
              "fullTitle": "7 - Clicar em uma das cores da paleta, faz com que ela seja selecionada e utilizada para preencher os pixels no quadro. Verifica se os pixels dentro do quadro não têm a classe `selected` quando são clicados",
              "timedOut": null,
              "duration": 8919,
              "state": "passed",
              "speed": "slow",
              "pass": true,
              "fail": false,
              "pending": false,
              "context": null,
              "code": "cy.get('.color').each(function (color) {\n  var backgroundColor = color.css('background-color');\n  cy.wrap(color).click();\n  cy.get('.pixel').each(function (pixel) {\n    cy.wrap(pixel).click().should('not.have.class', 'selected');\n  });\n});",
              "err": {},
              "uuid": "bfe6b478-8dfb-46f2-a1c2-5b4321b5b3a2",
              "parentUUID": "178c1982-3a52-4d07-ae38-58ebc6c18b3b",
              "isHook": false,
              "skipped": false
            }
          ],
          "suites": [],
          "passes": [
            "540a7af7-7936-473c-a18e-9a963e8009f4",
            "bfe6b478-8dfb-46f2-a1c2-5b4321b5b3a2"
          ],
          "failures": [],
          "pending": [],
          "skipped": [],
          "duration": 9474,
          "root": false,
          "rootEmpty": false,
          "_timeout": 2000
        },
        {
          "uuid": "bdf350e2-0b30-4b1e-b93e-3051d310b06a",
          "title": "8 - Clicar em um pixel dentro do quadro após selecionar uma cor na paleta, faz com que o pixel seja preenchido com a cor selecionada.",
          "fullFile": "",
          "file": "",
          "beforeHooks": [],
          "afterHooks": [],
          "tests": [
            {
              "title": "Verifica se ao carregar a página deve ser possível pintar os pixels de preto",
              "fullTitle": "8 - Clicar em um pixel dentro do quadro após selecionar uma cor na paleta, faz com que o pixel seja preenchido com a cor selecionada. Verifica se ao carregar a página deve ser possível pintar os pixels de preto",
              "timedOut": null,
              "duration": 2436,
              "state": "passed",
              "speed": "slow",
              "pass": true,
              "fail": false,
              "pending": false,
              "context": null,
              "code": "cy.get('.pixel').each(function (pixel) {\n  cy.wrap(pixel).click().should('have.css', 'background-color', BLACK);\n});",
              "err": {},
              "uuid": "2fe0c982-f124-4452-b1a5-c5335f49fdca",
              "parentUUID": "bdf350e2-0b30-4b1e-b93e-3051d310b06a",
              "isHook": false,
              "skipped": false
            },
            {
              "title": "Verifica se após selecionar uma outra cor na paleta, é possível pintar os pixels com essa cor",
              "fullTitle": "8 - Clicar em um pixel dentro do quadro após selecionar uma cor na paleta, faz com que o pixel seja preenchido com a cor selecionada. Verifica se após selecionar uma outra cor na paleta, é possível pintar os pixels com essa cor",
              "timedOut": null,
              "duration": 8919,
              "state": "passed",
              "speed": "slow",
              "pass": true,
              "fail": false,
              "pending": false,
              "context": null,
              "code": "cy.get('.color').each(function (color) {\n  var backgroundColor = color.css('background-color');\n  cy.wrap(color).click();\n  cy.get('.pixel').each(function (pixel) {\n    cy.wrap(pixel).click().should('have.css', 'background-color', backgroundColor);\n  });\n});",
              "err": {},
              "uuid": "ee3ec924-e966-4cd9-a595-ba36d2540663",
              "parentUUID": "bdf350e2-0b30-4b1e-b93e-3051d310b06a",
              "isHook": false,
              "skipped": false
            },
            {
              "title": "Verifica se somente o pixel que foi clicado foi preenchido com a cor selecionada, sem influenciar na cor dos demais pixels.",
              "fullTitle": "8 - Clicar em um pixel dentro do quadro após selecionar uma cor na paleta, faz com que o pixel seja preenchido com a cor selecionada. Verifica se somente o pixel que foi clicado foi preenchido com a cor selecionada, sem influenciar na cor dos demais pixels.",
              "timedOut": null,
              "duration": 1363,
              "state": "passed",
              "speed": "slow",
              "pass": true,
              "fail": false,
              "pending": false,
              "context": null,
              "code": "var colorToPixelIndexMap = {\n  0: 6,\n  1: 8,\n  2: 16,\n  3: 18\n};\ncy.get('.color').each(function (color, index) {\n  cy.wrap(color).click();\n  var backgroundColor = color.css('background-color');\n  var clickedPixelIndex = colorToPixelIndexMap[index];\n  cy.get('.pixel').eq(clickedPixelIndex).click();\n  cy.get('.pixel').eq(clickedPixelIndex - 1).should('not.have.css', 'background-color', backgroundColor);\n  cy.get('.pixel').eq(clickedPixelIndex + 1).should('not.have.css', 'background-color', backgroundColor);\n  cy.get('.pixel').eq(clickedPixelIndex - 5).should('not.have.css', 'background-color', backgroundColor);\n  cy.get('.pixel').eq(clickedPixelIndex + 5).should('not.have.css', 'background-color', backgroundColor);\n  cy.get('.pixel').eq(clickedPixelIndex - 6).should('not.have.css', 'background-color', backgroundColor);\n  cy.get('.pixel').eq(clickedPixelIndex - 4).should('not.have.css', 'background-color', backgroundColor);\n  cy.get('.pixel').eq(clickedPixelIndex + 4).should('not.have.css', 'background-color', backgroundColor);\n  cy.get('.pixel').eq(clickedPixelIndex + 6).should('not.have.css', 'background-color', backgroundColor);\n});",
              "err": {},
              "uuid": "082cfe3c-1f9e-45bf-8bba-f35b2a7a21d7",
              "parentUUID": "bdf350e2-0b30-4b1e-b93e-3051d310b06a",
              "isHook": false,
              "skipped": false
            }
          ],
          "suites": [],
          "passes": [
            "2fe0c982-f124-4452-b1a5-c5335f49fdca",
            "ee3ec924-e966-4cd9-a595-ba36d2540663",
            "082cfe3c-1f9e-45bf-8bba-f35b2a7a21d7"
          ],
          "failures": [],
          "pending": [],
          "skipped": [],
          "duration": 12718,
          "root": false,
          "rootEmpty": false,
          "_timeout": 2000
        },
        {
          "uuid": "ac19ce11-e13b-4f52-8c33-b3d15e9961a8",
          "title": "9 - Crie um botão que, ao ser clicado, limpa o quadro preenchendo a cor de todos seus pixels com branco.",
          "fullFile": "",
          "file": "",
          "beforeHooks": [],
          "afterHooks": [],
          "tests": [
            {
              "title": "Verifica se o botão tem o `id` denominado `clear-board`",
              "fullTitle": "9 - Crie um botão que, ao ser clicado, limpa o quadro preenchendo a cor de todos seus pixels com branco. Verifica se o botão tem o `id` denominado `clear-board`",
              "timedOut": null,
              "duration": 4465,
              "state": "failed",
              "speed": null,
              "pass": false,
              "fail": true,
              "pending": false,
              "context": null,
              "code": "cy.get('#clear-board').should('be.visible');",
              "err": {
                "message": "CypressError: Timed out retrying: Expected to find element: '#clear-board', but never found it.",
                "estack": "CypressError: Timed out retrying: Expected to find element: '#clear-board', but never found it.\n    at cypressErr (http://localhost:44799/__cypress/runner/cypress_runner.js:149934:9)\n    at throwErr (http://localhost:44799/__cypress/runner/cypress_runner.js:149867:11)\n    at Object.throwErrByPath (http://localhost:44799/__cypress/runner/cypress_runner.js:149915:3)\n    at retry (http://localhost:44799/__cypress/runner/cypress_runner.js:144197:19)\n    at onFailFn (http://localhost:44799/__cypress/runner/cypress_runner.js:132448:16)\n    at tryCatcher (http://localhost:44799/__cypress/runner/cypress_runner.js:167415:23)\n    at Promise._settlePromiseFromHandler (http://localhost:44799/__cypress/runner/cypress_runner.js:165351:31)\n    at Promise._settlePromise (http://localhost:44799/__cypress/runner/cypress_runner.js:165408:18)\n    at Promise._settlePromise0 (http://localhost:44799/__cypress/runner/cypress_runner.js:165453:10)\n    at Promise._settlePromises (http://localhost:44799/__cypress/runner/cypress_runner.js:165528:18)\n    at Async../node_modules/bluebird/js/release/async.js.Async._drainQueue (http://localhost:44799/__cypress/runner/cypress_runner.js:162140:16)\n    at Async../node_modules/bluebird/js/release/async.js.Async._drainQueues (http://localhost:44799/__cypress/runner/cypress_runner.js:162150:10)\n    at Async.drainQueues (http://localhost:44799/__cypress/runner/cypress_runner.js:162024:14)",
                "diff": null
              },
              "uuid": "a3be39fa-d739-4dcd-954c-210f1c66119d",
              "parentUUID": "ac19ce11-e13b-4f52-8c33-b3d15e9961a8",
              "isHook": false,
              "skipped": false
            },
            {
              "title": "Verifica se o botão está posicionado entre a paleta de cores e o quadro de pixels",
              "fullTitle": "9 - Crie um botão que, ao ser clicado, limpa o quadro preenchendo a cor de todos seus pixels com branco. Verifica se o botão está posicionado entre a paleta de cores e o quadro de pixels",
              "timedOut": null,
              "duration": 4615,
              "state": "failed",
              "speed": null,
              "pass": false,
              "fail": true,
              "pending": false,
              "context": null,
              "code": "cy.get('#color-palette').then(function (palette) {\n  cy.get('#clear-board').should('be.belowOf', palette);\n});\ncy.get('#clear-board').then(function (clearBtn) {\n  cy.get('#pixel-board').should('be.belowOf', clearBtn);\n});",
              "err": {
                "message": "CypressError: Timed out retrying: Expected to find element: '#clear-board', but never found it.",
                "estack": "CypressError: Timed out retrying: Expected to find element: '#clear-board', but never found it.\n    at cypressErr (http://localhost:44799/__cypress/runner/cypress_runner.js:149934:9)\n    at throwErr (http://localhost:44799/__cypress/runner/cypress_runner.js:149867:11)\n    at Object.throwErrByPath (http://localhost:44799/__cypress/runner/cypress_runner.js:149915:3)\n    at retry (http://localhost:44799/__cypress/runner/cypress_runner.js:144197:19)\n    at onFailFn (http://localhost:44799/__cypress/runner/cypress_runner.js:132448:16)\n    at tryCatcher (http://localhost:44799/__cypress/runner/cypress_runner.js:167415:23)\n    at Promise._settlePromiseFromHandler (http://localhost:44799/__cypress/runner/cypress_runner.js:165351:31)\n    at Promise._settlePromise (http://localhost:44799/__cypress/runner/cypress_runner.js:165408:18)\n    at Promise._settlePromise0 (http://localhost:44799/__cypress/runner/cypress_runner.js:165453:10)\n    at Promise._settlePromises (http://localhost:44799/__cypress/runner/cypress_runner.js:165528:18)\n    at Async../node_modules/bluebird/js/release/async.js.Async._drainQueue (http://localhost:44799/__cypress/runner/cypress_runner.js:162140:16)\n    at Async../node_modules/bluebird/js/release/async.js.Async._drainQueues (http://localhost:44799/__cypress/runner/cypress_runner.js:162150:10)\n    at Async.drainQueues (http://localhost:44799/__cypress/runner/cypress_runner.js:162024:14)",
                "diff": null
              },
              "uuid": "8748f93d-ee85-4d8b-912f-71fc09d0ec0f",
              "parentUUID": "ac19ce11-e13b-4f52-8c33-b3d15e9961a8",
              "isHook": false,
              "skipped": false
            },
            {
              "title": "Verifica se o texto do botão é 'Limpar'",
              "fullTitle": "9 - Crie um botão que, ao ser clicado, limpa o quadro preenchendo a cor de todos seus pixels com branco. Verifica se o texto do botão é 'Limpar'",
              "timedOut": null,
              "duration": 4438,
              "state": "failed",
              "speed": null,
              "pass": false,
              "fail": true,
              "pending": false,
              "context": null,
              "code": "cy.get('#clear-board').should('contain.text', 'Limpar');",
              "err": {
                "message": "CypressError: Timed out retrying: Expected to find element: '#clear-board', but never found it.",
                "estack": "CypressError: Timed out retrying: Expected to find element: '#clear-board', but never found it.\n    at cypressErr (http://localhost:44799/__cypress/runner/cypress_runner.js:149934:9)\n    at throwErr (http://localhost:44799/__cypress/runner/cypress_runner.js:149867:11)\n    at Object.throwErrByPath (http://localhost:44799/__cypress/runner/cypress_runner.js:149915:3)\n    at retry (http://localhost:44799/__cypress/runner/cypress_runner.js:144197:19)\n    at onFailFn (http://localhost:44799/__cypress/runner/cypress_runner.js:132448:16)\n    at tryCatcher (http://localhost:44799/__cypress/runner/cypress_runner.js:167415:23)\n    at Promise._settlePromiseFromHandler (http://localhost:44799/__cypress/runner/cypress_runner.js:165351:31)\n    at Promise._settlePromise (http://localhost:44799/__cypress/runner/cypress_runner.js:165408:18)\n    at Promise._settlePromise0 (http://localhost:44799/__cypress/runner/cypress_runner.js:165453:10)\n    at Promise._settlePromises (http://localhost:44799/__cypress/runner/cypress_runner.js:165528:18)\n    at Async../node_modules/bluebird/js/release/async.js.Async._drainQueue (http://localhost:44799/__cypress/runner/cypress_runner.js:162140:16)\n    at Async../node_modules/bluebird/js/release/async.js.Async._drainQueues (http://localhost:44799/__cypress/runner/cypress_runner.js:162150:10)\n    at Async.drainQueues (http://localhost:44799/__cypress/runner/cypress_runner.js:162024:14)",
                "diff": null
              },
              "uuid": "02726ee3-002e-4183-8abb-ce86d533985e",
              "parentUUID": "ac19ce11-e13b-4f52-8c33-b3d15e9961a8",
              "isHook": false,
              "skipped": false
            },
            {
              "title": "Verifica se ao clicar no botão, o quadro de pixels é totalmente preenchido de branco",
              "fullTitle": "9 - Crie um botão que, ao ser clicado, limpa o quadro preenchendo a cor de todos seus pixels com branco. Verifica se ao clicar no botão, o quadro de pixels é totalmente preenchido de branco",
              "timedOut": null,
              "duration": 6809,
              "state": "failed",
              "speed": null,
              "pass": false,
              "fail": true,
              "pending": false,
              "context": null,
              "code": "cy.get('.color').eq(1).then(function (color) {\n  var backgroundColor = color.css('background-color');\n  cy.wrap(color).click();\n  cy.get('.pixel').each(function (pixel) {\n    cy.wrap(pixel).click().should('have.css', 'background-color', backgroundColor);\n  });\n});\ncy.get('#clear-board').click();\ncy.get('.pixel').each(function (pixel) {\n  cy.wrap(pixel).should('have.css', 'background-color', WHITE);\n});",
              "err": {
                "message": "CypressError: Timed out retrying: Expected to find element: '#clear-board', but never found it.",
                "estack": "CypressError: Timed out retrying: Expected to find element: '#clear-board', but never found it.\n    at cypressErr (http://localhost:44799/__cypress/runner/cypress_runner.js:149934:9)\n    at throwErr (http://localhost:44799/__cypress/runner/cypress_runner.js:149867:11)\n    at Object.throwErrByPath (http://localhost:44799/__cypress/runner/cypress_runner.js:149915:3)\n    at retry (http://localhost:44799/__cypress/runner/cypress_runner.js:144197:19)\n    at onFailFn (http://localhost:44799/__cypress/runner/cypress_runner.js:132448:16)\n    at tryCatcher (http://localhost:44799/__cypress/runner/cypress_runner.js:167415:23)\n    at Promise._settlePromiseFromHandler (http://localhost:44799/__cypress/runner/cypress_runner.js:165351:31)\n    at Promise._settlePromise (http://localhost:44799/__cypress/runner/cypress_runner.js:165408:18)\n    at Promise._settlePromise0 (http://localhost:44799/__cypress/runner/cypress_runner.js:165453:10)\n    at Promise._settlePromises (http://localhost:44799/__cypress/runner/cypress_runner.js:165528:18)\n    at Async../node_modules/bluebird/js/release/async.js.Async._drainQueue (http://localhost:44799/__cypress/runner/cypress_runner.js:162140:16)\n    at Async../node_modules/bluebird/js/release/async.js.Async._drainQueues (http://localhost:44799/__cypress/runner/cypress_runner.js:162150:10)\n    at Async.drainQueues (http://localhost:44799/__cypress/runner/cypress_runner.js:162024:14)",
                "diff": null
              },
              "uuid": "8d7f9df5-71c4-4568-8363-0eab3f8ffd99",
              "parentUUID": "ac19ce11-e13b-4f52-8c33-b3d15e9961a8",
              "isHook": false,
              "skipped": false
            }
          ],
          "suites": [],
          "passes": [],
          "failures": [
            "a3be39fa-d739-4dcd-954c-210f1c66119d",
            "8748f93d-ee85-4d8b-912f-71fc09d0ec0f",
            "02726ee3-002e-4183-8abb-ce86d533985e",
            "8d7f9df5-71c4-4568-8363-0eab3f8ffd99"
          ],
          "pending": [],
          "skipped": [],
          "duration": 20327,
          "root": false,
          "rootEmpty": false,
          "_timeout": 2000
        },
        {
          "uuid": "df52104a-3e02-4d4e-bd49-3af6b4acd336",
          "title": "10 - Faça o quadro de pixels ter seu tamanho definido pelo usuário.",
          "fullFile": "",
          "file": "",
          "beforeHooks": [],
          "afterHooks": [],
          "tests": [
            {
              "title": "Verifica se existe um input com o id `board-size`",
              "fullTitle": "10 - Faça o quadro de pixels ter seu tamanho definido pelo usuário. Verifica se existe um input com o id `board-size`",
              "timedOut": null,
              "duration": 4407,
              "state": "failed",
              "speed": null,
              "pass": false,
              "fail": true,
              "pending": false,
              "context": null,
              "code": "cy.get('#board-size').should('be.visible');",
              "err": {
                "message": "CypressError: Timed out retrying: Expected to find element: '#board-size', but never found it.",
                "estack": "CypressError: Timed out retrying: Expected to find element: '#board-size', but never found it.\n    at cypressErr (http://localhost:44799/__cypress/runner/cypress_runner.js:149934:9)\n    at throwErr (http://localhost:44799/__cypress/runner/cypress_runner.js:149867:11)\n    at Object.throwErrByPath (http://localhost:44799/__cypress/runner/cypress_runner.js:149915:3)\n    at retry (http://localhost:44799/__cypress/runner/cypress_runner.js:144197:19)\n    at onFailFn (http://localhost:44799/__cypress/runner/cypress_runner.js:132448:16)\n    at tryCatcher (http://localhost:44799/__cypress/runner/cypress_runner.js:167415:23)\n    at Promise._settlePromiseFromHandler (http://localhost:44799/__cypress/runner/cypress_runner.js:165351:31)\n    at Promise._settlePromise (http://localhost:44799/__cypress/runner/cypress_runner.js:165408:18)\n    at Promise._settlePromise0 (http://localhost:44799/__cypress/runner/cypress_runner.js:165453:10)\n    at Promise._settlePromises (http://localhost:44799/__cypress/runner/cypress_runner.js:165528:18)\n    at Async../node_modules/bluebird/js/release/async.js.Async._drainQueue (http://localhost:44799/__cypress/runner/cypress_runner.js:162140:16)\n    at Async../node_modules/bluebird/js/release/async.js.Async._drainQueues (http://localhost:44799/__cypress/runner/cypress_runner.js:162150:10)\n    at Async.drainQueues (http://localhost:44799/__cypress/runner/cypress_runner.js:162024:14)",
                "diff": null
              },
              "uuid": "e3aa8700-c59e-4513-8abf-0141a6d6aaeb",
              "parentUUID": "df52104a-3e02-4d4e-bd49-3af6b4acd336",
              "isHook": false,
              "skipped": false
            },
            {
              "title": "Verifica se existe um botão com o id `generate-board`",
              "fullTitle": "10 - Faça o quadro de pixels ter seu tamanho definido pelo usuário. Verifica se existe um botão com o id `generate-board`",
              "timedOut": null,
              "duration": 4401,
              "state": "failed",
              "speed": null,
              "pass": false,
              "fail": true,
              "pending": false,
              "context": null,
              "code": "cy.get('#generate-board').should('be.visible');",
              "err": {
                "message": "CypressError: Timed out retrying: Expected to find element: '#generate-board', but never found it.",
                "estack": "CypressError: Timed out retrying: Expected to find element: '#generate-board', but never found it.\n    at cypressErr (http://localhost:44799/__cypress/runner/cypress_runner.js:149934:9)\n    at throwErr (http://localhost:44799/__cypress/runner/cypress_runner.js:149867:11)\n    at Object.throwErrByPath (http://localhost:44799/__cypress/runner/cypress_runner.js:149915:3)\n    at retry (http://localhost:44799/__cypress/runner/cypress_runner.js:144197:19)\n    at onFailFn (http://localhost:44799/__cypress/runner/cypress_runner.js:132448:16)\n    at tryCatcher (http://localhost:44799/__cypress/runner/cypress_runner.js:167415:23)\n    at Promise._settlePromiseFromHandler (http://localhost:44799/__cypress/runner/cypress_runner.js:165351:31)\n    at Promise._settlePromise (http://localhost:44799/__cypress/runner/cypress_runner.js:165408:18)\n    at Promise._settlePromise0 (http://localhost:44799/__cypress/runner/cypress_runner.js:165453:10)\n    at Promise._settlePromises (http://localhost:44799/__cypress/runner/cypress_runner.js:165528:18)\n    at Async../node_modules/bluebird/js/release/async.js.Async._drainQueue (http://localhost:44799/__cypress/runner/cypress_runner.js:162140:16)\n    at Async../node_modules/bluebird/js/release/async.js.Async._drainQueues (http://localhost:44799/__cypress/runner/cypress_runner.js:162150:10)\n    at Async.drainQueues (http://localhost:44799/__cypress/runner/cypress_runner.js:162024:14)",
                "diff": null
              },
              "uuid": "c912585a-0edd-4f7b-a979-0e5e130689cb",
              "parentUUID": "df52104a-3e02-4d4e-bd49-3af6b4acd336",
              "isHook": false,
              "skipped": false
            },
            {
              "title": "Verifica se o input só aceita número maiores que zero. Essa restrição deve ser feita usando os atributos do elemento `input`",
              "fullTitle": "10 - Faça o quadro de pixels ter seu tamanho definido pelo usuário. Verifica se o input só aceita número maiores que zero. Essa restrição deve ser feita usando os atributos do elemento `input`",
              "timedOut": null,
              "duration": 4406,
              "state": "failed",
              "speed": null,
              "pass": false,
              "fail": true,
              "pending": false,
              "context": null,
              "code": "cy.get('#board-size[type=\\'number\\'][min=\\'1\\']');",
              "err": {
                "message": "CypressError: Timed out retrying: Expected to find element: '#board-size[type='number'][min='1']', but never found it.",
                "estack": "CypressError: Timed out retrying: Expected to find element: '#board-size[type='number'][min='1']', but never found it.\n    at cypressErr (http://localhost:44799/__cypress/runner/cypress_runner.js:149934:9)\n    at throwErr (http://localhost:44799/__cypress/runner/cypress_runner.js:149867:11)\n    at Object.throwErrByPath (http://localhost:44799/__cypress/runner/cypress_runner.js:149915:3)\n    at retry (http://localhost:44799/__cypress/runner/cypress_runner.js:144197:19)\n    at onFailFn (http://localhost:44799/__cypress/runner/cypress_runner.js:132448:16)\n    at tryCatcher (http://localhost:44799/__cypress/runner/cypress_runner.js:167415:23)\n    at Promise._settlePromiseFromHandler (http://localhost:44799/__cypress/runner/cypress_runner.js:165351:31)\n    at Promise._settlePromise (http://localhost:44799/__cypress/runner/cypress_runner.js:165408:18)\n    at Promise._settlePromise0 (http://localhost:44799/__cypress/runner/cypress_runner.js:165453:10)\n    at Promise._settlePromises (http://localhost:44799/__cypress/runner/cypress_runner.js:165528:18)\n    at Async../node_modules/bluebird/js/release/async.js.Async._drainQueue (http://localhost:44799/__cypress/runner/cypress_runner.js:162140:16)\n    at Async../node_modules/bluebird/js/release/async.js.Async._drainQueues (http://localhost:44799/__cypress/runner/cypress_runner.js:162150:10)\n    at Async.drainQueues (http://localhost:44799/__cypress/runner/cypress_runner.js:162024:14)",
                "diff": null
              },
              "uuid": "c5621bba-1878-4200-a850-d5a9273d5a0a",
              "parentUUID": "df52104a-3e02-4d4e-bd49-3af6b4acd336",
              "isHook": false,
              "skipped": false
            },
            {
              "title": "Verifica se o botão contém o texto 'VQV'",
              "fullTitle": "10 - Faça o quadro de pixels ter seu tamanho definido pelo usuário. Verifica se o botão contém o texto 'VQV'",
              "timedOut": null,
              "duration": 4503,
              "state": "failed",
              "speed": null,
              "pass": false,
              "fail": true,
              "pending": false,
              "context": null,
              "code": "cy.get('#generate-board').contains(/vqv/i);",
              "err": {
                "message": "CypressError: Timed out retrying: Expected to find element: '#generate-board', but never found it.",
                "estack": "CypressError: Timed out retrying: Expected to find element: '#generate-board', but never found it.\n    at cypressErr (http://localhost:44799/__cypress/runner/cypress_runner.js:149934:9)\n    at throwErr (http://localhost:44799/__cypress/runner/cypress_runner.js:149867:11)\n    at Object.throwErrByPath (http://localhost:44799/__cypress/runner/cypress_runner.js:149915:3)\n    at retry (http://localhost:44799/__cypress/runner/cypress_runner.js:144197:19)\n    at onFailFn (http://localhost:44799/__cypress/runner/cypress_runner.js:132448:16)\n    at tryCatcher (http://localhost:44799/__cypress/runner/cypress_runner.js:167415:23)\n    at Promise._settlePromiseFromHandler (http://localhost:44799/__cypress/runner/cypress_runner.js:165351:31)\n    at Promise._settlePromise (http://localhost:44799/__cypress/runner/cypress_runner.js:165408:18)\n    at Promise._settlePromise0 (http://localhost:44799/__cypress/runner/cypress_runner.js:165453:10)\n    at Promise._settlePromises (http://localhost:44799/__cypress/runner/cypress_runner.js:165528:18)\n    at Async../node_modules/bluebird/js/release/async.js.Async._drainQueue (http://localhost:44799/__cypress/runner/cypress_runner.js:162140:16)\n    at Async../node_modules/bluebird/js/release/async.js.Async._drainQueues (http://localhost:44799/__cypress/runner/cypress_runner.js:162150:10)\n    at Async.drainQueues (http://localhost:44799/__cypress/runner/cypress_runner.js:162024:14)",
                "diff": null
              },
              "uuid": "d5e6cabd-b576-43ae-99f2-ac2e7801dfdd",
              "parentUUID": "df52104a-3e02-4d4e-bd49-3af6b4acd336",
              "isHook": false,
              "skipped": false
            },
            {
              "title": "Verifica se o input está posicionado entre a paleta de cores e o quadro de pixels",
              "fullTitle": "10 - Faça o quadro de pixels ter seu tamanho definido pelo usuário. Verifica se o input está posicionado entre a paleta de cores e o quadro de pixels",
              "timedOut": null,
              "duration": 4486,
              "state": "failed",
              "speed": null,
              "pass": false,
              "fail": true,
              "pending": false,
              "context": null,
              "code": "cy.get('#color-palette').then(function (palette) {\n  cy.get('#board-size').should('be.belowOf', palette);\n});\ncy.get('#board-size').then(function (palette) {\n  cy.get('#pixel-board').should('be.belowOf', palette);\n});",
              "err": {
                "message": "CypressError: Timed out retrying: Expected to find element: '#board-size', but never found it.",
                "estack": "CypressError: Timed out retrying: Expected to find element: '#board-size', but never found it.\n    at cypressErr (http://localhost:44799/__cypress/runner/cypress_runner.js:149934:9)\n    at throwErr (http://localhost:44799/__cypress/runner/cypress_runner.js:149867:11)\n    at Object.throwErrByPath (http://localhost:44799/__cypress/runner/cypress_runner.js:149915:3)\n    at retry (http://localhost:44799/__cypress/runner/cypress_runner.js:144197:19)\n    at onFailFn (http://localhost:44799/__cypress/runner/cypress_runner.js:132448:16)\n    at tryCatcher (http://localhost:44799/__cypress/runner/cypress_runner.js:167415:23)\n    at Promise._settlePromiseFromHandler (http://localhost:44799/__cypress/runner/cypress_runner.js:165351:31)\n    at Promise._settlePromise (http://localhost:44799/__cypress/runner/cypress_runner.js:165408:18)\n    at Promise._settlePromise0 (http://localhost:44799/__cypress/runner/cypress_runner.js:165453:10)\n    at Promise._settlePromises (http://localhost:44799/__cypress/runner/cypress_runner.js:165528:18)\n    at Async../node_modules/bluebird/js/release/async.js.Async._drainQueue (http://localhost:44799/__cypress/runner/cypress_runner.js:162140:16)\n    at Async../node_modules/bluebird/js/release/async.js.Async._drainQueues (http://localhost:44799/__cypress/runner/cypress_runner.js:162150:10)\n    at Async.drainQueues (http://localhost:44799/__cypress/runner/cypress_runner.js:162024:14)",
                "diff": null
              },
              "uuid": "6e2e8a1e-2a73-4a4c-8a53-c8e3cbb12f94",
              "parentUUID": "df52104a-3e02-4d4e-bd49-3af6b4acd336",
              "isHook": false,
              "skipped": false
            },
            {
              "title": "Verifica se o botão está posicionado ao lado do input",
              "fullTitle": "10 - Faça o quadro de pixels ter seu tamanho definido pelo usuário. Verifica se o botão está posicionado ao lado do input",
              "timedOut": null,
              "duration": 4528,
              "state": "failed",
              "speed": null,
              "pass": false,
              "fail": true,
              "pending": false,
              "context": null,
              "code": "cy.get('#board-size').then(function (board) {\n  cy.get('#generate-board').should('be.onTheRightOf', board);\n});",
              "err": {
                "message": "CypressError: Timed out retrying: Expected to find element: '#board-size', but never found it.",
                "estack": "CypressError: Timed out retrying: Expected to find element: '#board-size', but never found it.\n    at cypressErr (http://localhost:44799/__cypress/runner/cypress_runner.js:149934:9)\n    at throwErr (http://localhost:44799/__cypress/runner/cypress_runner.js:149867:11)\n    at Object.throwErrByPath (http://localhost:44799/__cypress/runner/cypress_runner.js:149915:3)\n    at retry (http://localhost:44799/__cypress/runner/cypress_runner.js:144197:19)\n    at onFailFn (http://localhost:44799/__cypress/runner/cypress_runner.js:132448:16)\n    at tryCatcher (http://localhost:44799/__cypress/runner/cypress_runner.js:167415:23)\n    at Promise._settlePromiseFromHandler (http://localhost:44799/__cypress/runner/cypress_runner.js:165351:31)\n    at Promise._settlePromise (http://localhost:44799/__cypress/runner/cypress_runner.js:165408:18)\n    at Promise._settlePromise0 (http://localhost:44799/__cypress/runner/cypress_runner.js:165453:10)\n    at Promise._settlePromises (http://localhost:44799/__cypress/runner/cypress_runner.js:165528:18)\n    at Async../node_modules/bluebird/js/release/async.js.Async._drainQueue (http://localhost:44799/__cypress/runner/cypress_runner.js:162140:16)\n    at Async../node_modules/bluebird/js/release/async.js.Async._drainQueues (http://localhost:44799/__cypress/runner/cypress_runner.js:162150:10)\n    at Async.drainQueues (http://localhost:44799/__cypress/runner/cypress_runner.js:162024:14)",
                "diff": null
              },
              "uuid": "1cf1152e-4885-4f84-9288-a662eade1267",
              "parentUUID": "df52104a-3e02-4d4e-bd49-3af6b4acd336",
              "isHook": false,
              "skipped": false
            },
            {
              "title": "Verifica se nenhum valor for colocado no input ao clicar no botão, um `alert` é exibido com o texto: 'Board inválido!'",
              "fullTitle": "10 - Faça o quadro de pixels ter seu tamanho definido pelo usuário. Verifica se nenhum valor for colocado no input ao clicar no botão, um `alert` é exibido com o texto: 'Board inválido!'",
              "timedOut": null,
              "duration": 4490,
              "state": "failed",
              "speed": null,
              "pass": false,
              "fail": true,
              "pending": false,
              "context": null,
              "code": "var alerted = false;\ncy.on('window:alert', function (msg) {\n  return alerted = msg;\n});\ncy.get('#generate-board').click().then(function () {\n  return expect(alerted).to.match(/Board inválido!/i);\n});",
              "err": {
                "message": "CypressError: Timed out retrying: Expected to find element: '#generate-board', but never found it.",
                "estack": "CypressError: Timed out retrying: Expected to find element: '#generate-board', but never found it.\n    at cypressErr (http://localhost:44799/__cypress/runner/cypress_runner.js:149934:9)\n    at throwErr (http://localhost:44799/__cypress/runner/cypress_runner.js:149867:11)\n    at Object.throwErrByPath (http://localhost:44799/__cypress/runner/cypress_runner.js:149915:3)\n    at retry (http://localhost:44799/__cypress/runner/cypress_runner.js:144197:19)\n    at onFailFn (http://localhost:44799/__cypress/runner/cypress_runner.js:132448:16)\n    at tryCatcher (http://localhost:44799/__cypress/runner/cypress_runner.js:167415:23)\n    at Promise._settlePromiseFromHandler (http://localhost:44799/__cypress/runner/cypress_runner.js:165351:31)\n    at Promise._settlePromise (http://localhost:44799/__cypress/runner/cypress_runner.js:165408:18)\n    at Promise._settlePromise0 (http://localhost:44799/__cypress/runner/cypress_runner.js:165453:10)\n    at Promise._settlePromises (http://localhost:44799/__cypress/runner/cypress_runner.js:165528:18)\n    at Async../node_modules/bluebird/js/release/async.js.Async._drainQueue (http://localhost:44799/__cypress/runner/cypress_runner.js:162140:16)\n    at Async../node_modules/bluebird/js/release/async.js.Async._drainQueues (http://localhost:44799/__cypress/runner/cypress_runner.js:162150:10)\n    at Async.drainQueues (http://localhost:44799/__cypress/runner/cypress_runner.js:162024:14)",
                "diff": null
              },
              "uuid": "02d9752d-1a24-4267-891e-858e696d993b",
              "parentUUID": "df52104a-3e02-4d4e-bd49-3af6b4acd336",
              "isHook": false,
              "skipped": false
            },
            {
              "title": "Verifica se ao clicar no botão com um valor preenchido, o tamanho do board muda.",
              "fullTitle": "10 - Faça o quadro de pixels ter seu tamanho definido pelo usuário. Verifica se ao clicar no botão com um valor preenchido, o tamanho do board muda.",
              "timedOut": null,
              "duration": 4511,
              "state": "failed",
              "speed": null,
              "pass": false,
              "fail": true,
              "pending": false,
              "context": null,
              "code": "cy.get('#board-size').clear().type(10);\ncy.get('#generate-board').click();\ncy.get('.pixel').should('have.length', 100);",
              "err": {
                "message": "CypressError: Timed out retrying: Expected to find element: '#board-size', but never found it.",
                "estack": "CypressError: Timed out retrying: Expected to find element: '#board-size', but never found it.\n    at cypressErr (http://localhost:44799/__cypress/runner/cypress_runner.js:149934:9)\n    at throwErr (http://localhost:44799/__cypress/runner/cypress_runner.js:149867:11)\n    at Object.throwErrByPath (http://localhost:44799/__cypress/runner/cypress_runner.js:149915:3)\n    at retry (http://localhost:44799/__cypress/runner/cypress_runner.js:144197:19)\n    at onFailFn (http://localhost:44799/__cypress/runner/cypress_runner.js:132448:16)\n    at tryCatcher (http://localhost:44799/__cypress/runner/cypress_runner.js:167415:23)\n    at Promise._settlePromiseFromHandler (http://localhost:44799/__cypress/runner/cypress_runner.js:165351:31)\n    at Promise._settlePromise (http://localhost:44799/__cypress/runner/cypress_runner.js:165408:18)\n    at Promise._settlePromise0 (http://localhost:44799/__cypress/runner/cypress_runner.js:165453:10)\n    at Promise._settlePromises (http://localhost:44799/__cypress/runner/cypress_runner.js:165528:18)\n    at Async../node_modules/bluebird/js/release/async.js.Async._drainQueue (http://localhost:44799/__cypress/runner/cypress_runner.js:162140:16)\n    at Async../node_modules/bluebird/js/release/async.js.Async._drainQueues (http://localhost:44799/__cypress/runner/cypress_runner.js:162150:10)\n    at Async.drainQueues (http://localhost:44799/__cypress/runner/cypress_runner.js:162024:14)",
                "diff": null
              },
              "uuid": "15a56003-2987-4476-8c05-3ad05f162eb5",
              "parentUUID": "df52104a-3e02-4d4e-bd49-3af6b4acd336",
              "isHook": false,
              "skipped": false
            },
            {
              "title": "Verifica se o novo quadro tem todos os pixels preenchidos com a cor branca",
              "fullTitle": "10 - Faça o quadro de pixels ter seu tamanho definido pelo usuário. Verifica se o novo quadro tem todos os pixels preenchidos com a cor branca",
              "timedOut": null,
              "duration": 4456,
              "state": "failed",
              "speed": null,
              "pass": false,
              "fail": true,
              "pending": false,
              "context": null,
              "code": "cy.get('#board-size').clear().type(6);\ncy.get('#generate-board').click();\ncy.get('.pixel').should('have.length', 36).each(function (pixel) {\n  expect(pixel).to.have.css('background-color', WHITE);\n});",
              "err": {
                "message": "CypressError: Timed out retrying: Expected to find element: '#board-size', but never found it.",
                "estack": "CypressError: Timed out retrying: Expected to find element: '#board-size', but never found it.\n    at cypressErr (http://localhost:44799/__cypress/runner/cypress_runner.js:149934:9)\n    at throwErr (http://localhost:44799/__cypress/runner/cypress_runner.js:149867:11)\n    at Object.throwErrByPath (http://localhost:44799/__cypress/runner/cypress_runner.js:149915:3)\n    at retry (http://localhost:44799/__cypress/runner/cypress_runner.js:144197:19)\n    at onFailFn (http://localhost:44799/__cypress/runner/cypress_runner.js:132448:16)\n    at tryCatcher (http://localhost:44799/__cypress/runner/cypress_runner.js:167415:23)\n    at Promise._settlePromiseFromHandler (http://localhost:44799/__cypress/runner/cypress_runner.js:165351:31)\n    at Promise._settlePromise (http://localhost:44799/__cypress/runner/cypress_runner.js:165408:18)\n    at Promise._settlePromise0 (http://localhost:44799/__cypress/runner/cypress_runner.js:165453:10)\n    at Promise._settlePromises (http://localhost:44799/__cypress/runner/cypress_runner.js:165528:18)\n    at Async../node_modules/bluebird/js/release/async.js.Async._drainQueue (http://localhost:44799/__cypress/runner/cypress_runner.js:162140:16)\n    at Async../node_modules/bluebird/js/release/async.js.Async._drainQueues (http://localhost:44799/__cypress/runner/cypress_runner.js:162150:10)\n    at Async.drainQueues (http://localhost:44799/__cypress/runner/cypress_runner.js:162024:14)",
                "diff": null
              },
              "uuid": "9a889f54-adfd-4c08-b7ac-e6ec5e59b9c9",
              "parentUUID": "df52104a-3e02-4d4e-bd49-3af6b4acd336",
              "isHook": false,
              "skipped": false
            }
          ],
          "suites": [],
          "passes": [],
          "failures": [
            "e3aa8700-c59e-4513-8abf-0141a6d6aaeb",
            "c912585a-0edd-4f7b-a979-0e5e130689cb",
            "c5621bba-1878-4200-a850-d5a9273d5a0a",
            "d5e6cabd-b576-43ae-99f2-ac2e7801dfdd",
            "6e2e8a1e-2a73-4a4c-8a53-c8e3cbb12f94",
            "1cf1152e-4885-4f84-9288-a662eade1267",
            "02d9752d-1a24-4267-891e-858e696d993b",
            "15a56003-2987-4476-8c05-3ad05f162eb5",
            "9a889f54-adfd-4c08-b7ac-e6ec5e59b9c9"
          ],
          "pending": [],
          "skipped": [],
          "duration": 40188,
          "root": false,
          "rootEmpty": false,
          "_timeout": 2000
        },
        {
          "uuid": "98e31a1d-bdee-42a8-aa88-051821371c37",
          "title": "11 - Limite o tamanho mínimo e máximo do board.",
          "fullFile": "",
          "file": "",
          "beforeHooks": [],
          "afterHooks": [],
          "tests": [
            {
              "title": "Verifica se a altura máxima do board é 50",
              "fullTitle": "11 - Limite o tamanho mínimo e máximo do board. Verifica se a altura máxima do board é 50",
              "timedOut": null,
              "duration": 4503,
              "state": "failed",
              "speed": null,
              "pass": false,
              "fail": true,
              "pending": false,
              "context": null,
              "code": "cy.get('#board-size').clear().type(50);\ncy.get('#generate-board').click();\ncy.get('.pixel').should('have.length', 2500);",
              "err": {
                "message": "CypressError: Timed out retrying: Expected to find element: '#board-size', but never found it.",
                "estack": "CypressError: Timed out retrying: Expected to find element: '#board-size', but never found it.\n    at cypressErr (http://localhost:44799/__cypress/runner/cypress_runner.js:149934:9)\n    at throwErr (http://localhost:44799/__cypress/runner/cypress_runner.js:149867:11)\n    at Object.throwErrByPath (http://localhost:44799/__cypress/runner/cypress_runner.js:149915:3)\n    at retry (http://localhost:44799/__cypress/runner/cypress_runner.js:144197:19)\n    at onFailFn (http://localhost:44799/__cypress/runner/cypress_runner.js:132448:16)\n    at tryCatcher (http://localhost:44799/__cypress/runner/cypress_runner.js:167415:23)\n    at Promise._settlePromiseFromHandler (http://localhost:44799/__cypress/runner/cypress_runner.js:165351:31)\n    at Promise._settlePromise (http://localhost:44799/__cypress/runner/cypress_runner.js:165408:18)\n    at Promise._settlePromise0 (http://localhost:44799/__cypress/runner/cypress_runner.js:165453:10)\n    at Promise._settlePromises (http://localhost:44799/__cypress/runner/cypress_runner.js:165528:18)\n    at Async../node_modules/bluebird/js/release/async.js.Async._drainQueue (http://localhost:44799/__cypress/runner/cypress_runner.js:162140:16)\n    at Async../node_modules/bluebird/js/release/async.js.Async._drainQueues (http://localhost:44799/__cypress/runner/cypress_runner.js:162150:10)\n    at Async.drainQueues (http://localhost:44799/__cypress/runner/cypress_runner.js:162024:14)",
                "diff": null
              },
              "uuid": "4326cebf-7aed-4b66-a395-9f8106d528f0",
              "parentUUID": "98e31a1d-bdee-42a8-aa88-051821371c37",
              "isHook": false,
              "skipped": false
            },
            {
              "title": "Verifica se a altura do board é 5 quando um valor menor é colocado no input",
              "fullTitle": "11 - Limite o tamanho mínimo e máximo do board. Verifica se a altura do board é 5 quando um valor menor é colocado no input",
              "timedOut": null,
              "duration": 4481,
              "state": "failed",
              "speed": null,
              "pass": false,
              "fail": true,
              "pending": false,
              "context": null,
              "code": "cy.get('#board-size').clear().type(4);\ncy.get('#generate-board').click();\ncy.get('.pixel').should('have.length', 25);",
              "err": {
                "message": "CypressError: Timed out retrying: Expected to find element: '#board-size', but never found it.",
                "estack": "CypressError: Timed out retrying: Expected to find element: '#board-size', but never found it.\n    at cypressErr (http://localhost:44799/__cypress/runner/cypress_runner.js:149934:9)\n    at throwErr (http://localhost:44799/__cypress/runner/cypress_runner.js:149867:11)\n    at Object.throwErrByPath (http://localhost:44799/__cypress/runner/cypress_runner.js:149915:3)\n    at retry (http://localhost:44799/__cypress/runner/cypress_runner.js:144197:19)\n    at onFailFn (http://localhost:44799/__cypress/runner/cypress_runner.js:132448:16)\n    at tryCatcher (http://localhost:44799/__cypress/runner/cypress_runner.js:167415:23)\n    at Promise._settlePromiseFromHandler (http://localhost:44799/__cypress/runner/cypress_runner.js:165351:31)\n    at Promise._settlePromise (http://localhost:44799/__cypress/runner/cypress_runner.js:165408:18)\n    at Promise._settlePromise0 (http://localhost:44799/__cypress/runner/cypress_runner.js:165453:10)\n    at Promise._settlePromises (http://localhost:44799/__cypress/runner/cypress_runner.js:165528:18)\n    at Async../node_modules/bluebird/js/release/async.js.Async._drainQueue (http://localhost:44799/__cypress/runner/cypress_runner.js:162140:16)\n    at Async../node_modules/bluebird/js/release/async.js.Async._drainQueues (http://localhost:44799/__cypress/runner/cypress_runner.js:162150:10)\n    at Async.drainQueues (http://localhost:44799/__cypress/runner/cypress_runner.js:162024:14)",
                "diff": null
              },
              "uuid": "c47f5781-0437-4e90-80ab-8871d3f19dfa",
              "parentUUID": "98e31a1d-bdee-42a8-aa88-051821371c37",
              "isHook": false,
              "skipped": false
            },
            {
              "title": "Verifica se a altura do board é 50 quando um valor maior é colocado no input",
              "fullTitle": "11 - Limite o tamanho mínimo e máximo do board. Verifica se a altura do board é 50 quando um valor maior é colocado no input",
              "timedOut": null,
              "duration": 4370,
              "state": "failed",
              "speed": null,
              "pass": false,
              "fail": true,
              "pending": false,
              "context": null,
              "code": "cy.get('#board-size').clear().type(51);\ncy.get('#generate-board').click();\ncy.get('.pixel').should('have.length', 2500);",
              "err": {
                "message": "CypressError: Timed out retrying: Expected to find element: '#board-size', but never found it.",
                "estack": "CypressError: Timed out retrying: Expected to find element: '#board-size', but never found it.\n    at cypressErr (http://localhost:44799/__cypress/runner/cypress_runner.js:149934:9)\n    at throwErr (http://localhost:44799/__cypress/runner/cypress_runner.js:149867:11)\n    at Object.throwErrByPath (http://localhost:44799/__cypress/runner/cypress_runner.js:149915:3)\n    at retry (http://localhost:44799/__cypress/runner/cypress_runner.js:144197:19)\n    at onFailFn (http://localhost:44799/__cypress/runner/cypress_runner.js:132448:16)\n    at tryCatcher (http://localhost:44799/__cypress/runner/cypress_runner.js:167415:23)\n    at Promise._settlePromiseFromHandler (http://localhost:44799/__cypress/runner/cypress_runner.js:165351:31)\n    at Promise._settlePromise (http://localhost:44799/__cypress/runner/cypress_runner.js:165408:18)\n    at Promise._settlePromise0 (http://localhost:44799/__cypress/runner/cypress_runner.js:165453:10)\n    at Promise._settlePromises (http://localhost:44799/__cypress/runner/cypress_runner.js:165528:18)\n    at Async../node_modules/bluebird/js/release/async.js.Async._drainQueue (http://localhost:44799/__cypress/runner/cypress_runner.js:162140:16)\n    at Async../node_modules/bluebird/js/release/async.js.Async._drainQueues (http://localhost:44799/__cypress/runner/cypress_runner.js:162150:10)\n    at Async.drainQueues (http://localhost:44799/__cypress/runner/cypress_runner.js:162024:14)",
                "diff": null
              },
              "uuid": "d050bb48-3f24-4365-b13e-455053fab0ab",
              "parentUUID": "98e31a1d-bdee-42a8-aa88-051821371c37",
              "isHook": false,
              "skipped": false
            }
          ],
          "suites": [],
          "passes": [],
          "failures": [
            "4326cebf-7aed-4b66-a395-9f8106d528f0",
            "c47f5781-0437-4e90-80ab-8871d3f19dfa",
            "d050bb48-3f24-4365-b13e-455053fab0ab"
          ],
          "pending": [],
          "skipped": [],
          "duration": 13354,
          "root": false,
          "rootEmpty": false,
          "_timeout": 2000
        },
        {
          "uuid": "b7ab46de-d697-4779-9cfe-32301faa9ce7",
          "title": "12 - Faça com que as cores da paleta sejam geradas aleatoriamente ao carregar a página.",
          "fullFile": "",
          "file": "",
          "beforeHooks": [],
          "afterHooks": [],
          "tests": [
            {
              "title": "Verifica se as cores geradas na paleta são diferentes a cada carregamento da página",
              "fullTitle": "12 - Faça com que as cores da paleta sejam geradas aleatoriamente ao carregar a página. Verifica se as cores geradas na paleta são diferentes a cada carregamento da página",
              "timedOut": null,
              "duration": 499,
              "state": "failed",
              "speed": null,
              "pass": false,
              "fail": true,
              "pending": false,
              "context": null,
              "code": "cy.get('.color').then(function (colors) {\n  var currentColors;\n  var previousColors;\n  previousColors = Array.from(colors).map(function (color) {\n    return Cypress.$(color).css('background-color');\n  });\n  for (var i = 0; i < 5; i += 1) {\n    cy.reload();\n    cy.get('.color').then(function (colors) {\n      currentColors = Array.from(colors).map(function (color) {\n        return Cypress.$(color).css('background-color');\n      });\n      expect(currentColors).not.to.deep.equal(previousColors);\n      previousColors = currentColors;\n    });\n  }\n});",
              "err": {
                "message": "AssertionError: expected [ Array(4) ] to not deeply equal [ Array(4) ]",
                "estack": "AssertionError: expected [ Array(4) ] to not deeply equal [ Array(4) ]\n    at getRet (http://localhost:44799/__cypress/runner/cypress_runner.js:136585:16)\n    at tryCatcher (http://localhost:44799/__cypress/runner/cypress_runner.js:167415:23)\n    at Function.Promise.attempt.Promise.try (http://localhost:44799/__cypress/runner/cypress_runner.js:164690:29)\n    at Context.thenFn (http://localhost:44799/__cypress/runner/cypress_runner.js:136599:23)\n    at Context.then (http://localhost:44799/__cypress/runner/cypress_runner.js:136971:21)\n    at Context.<anonymous> (http://localhost:44799/__cypress/runner/cypress_runner.js:148875:21)\n    at http://localhost:44799/__cypress/runner/cypress_runner.js:148351:33\n    at tryCatcher (http://localhost:44799/__cypress/runner/cypress_runner.js:167415:23)\n    at Promise._settlePromiseFromHandler (http://localhost:44799/__cypress/runner/cypress_runner.js:165351:31)\n    at Promise._settlePromise (http://localhost:44799/__cypress/runner/cypress_runner.js:165408:18)\n    at Promise._settlePromiseCtx (http://localhost:44799/__cypress/runner/cypress_runner.js:165445:10)\n    at Async../node_modules/bluebird/js/release/async.js.Async._drainQueue (http://localhost:44799/__cypress/runner/cypress_runner.js:162145:12)\n    at Async../node_modules/bluebird/js/release/async.js.Async._drainQueues (http://localhost:44799/__cypress/runner/cypress_runner.js:162150:10)\n    at Async.drainQueues (http://localhost:44799/__cypress/runner/cypress_runner.js:162024:14)",
                "diff": ""
              },
              "uuid": "b7c06f1a-d68b-44e6-8826-2da5ea3ec143",
              "parentUUID": "b7ab46de-d697-4779-9cfe-32301faa9ce7",
              "isHook": false,
              "skipped": false
            },
            {
              "title": "Verifica se a cor preta ainda está presente e é a primeira na sua paleta de cores",
              "fullTitle": "12 - Faça com que as cores da paleta sejam geradas aleatoriamente ao carregar a página. Verifica se a cor preta ainda está presente e é a primeira na sua paleta de cores",
              "timedOut": null,
              "duration": 538,
              "state": "failed",
              "speed": null,
              "pass": false,
              "fail": true,
              "pending": false,
              "context": null,
              "code": "cy.get('.color').then(function (colors) {\n  var currentColors;\n  var previousColors;\n  previousColors = Array.from(colors).map(function (color) {\n    return Cypress.$(color).css('background-color');\n  });\n  expect(previousColors[0]).to.eq(BLACK);\n  for (var i = 0; i < 5; i += 1) {\n    cy.reload();\n    cy.get('.color').then(function (colors) {\n      currentColors = Array.from(colors).map(function (color) {\n        return Cypress.$(color).css('background-color');\n      });\n      expect(currentColors[0]).to.eq(BLACK);\n      expect(currentColors).not.to.deep.equal(previousColors);\n      previousColors = currentColors;\n    });\n  }\n});",
              "err": {
                "message": "AssertionError: expected [ Array(4) ] to not deeply equal [ Array(4) ]",
                "estack": "AssertionError: expected [ Array(4) ] to not deeply equal [ Array(4) ]\n    at getRet (http://localhost:44799/__cypress/runner/cypress_runner.js:136585:16)\n    at tryCatcher (http://localhost:44799/__cypress/runner/cypress_runner.js:167415:23)\n    at Function.Promise.attempt.Promise.try (http://localhost:44799/__cypress/runner/cypress_runner.js:164690:29)\n    at Context.thenFn (http://localhost:44799/__cypress/runner/cypress_runner.js:136599:23)\n    at Context.then (http://localhost:44799/__cypress/runner/cypress_runner.js:136971:21)\n    at Context.<anonymous> (http://localhost:44799/__cypress/runner/cypress_runner.js:148875:21)\n    at http://localhost:44799/__cypress/runner/cypress_runner.js:148351:33\n    at tryCatcher (http://localhost:44799/__cypress/runner/cypress_runner.js:167415:23)\n    at Promise._settlePromiseFromHandler (http://localhost:44799/__cypress/runner/cypress_runner.js:165351:31)\n    at Promise._settlePromise (http://localhost:44799/__cypress/runner/cypress_runner.js:165408:18)\n    at Promise._settlePromiseCtx (http://localhost:44799/__cypress/runner/cypress_runner.js:165445:10)\n    at Async../node_modules/bluebird/js/release/async.js.Async._drainQueue (http://localhost:44799/__cypress/runner/cypress_runner.js:162145:12)\n    at Async../node_modules/bluebird/js/release/async.js.Async._drainQueues (http://localhost:44799/__cypress/runner/cypress_runner.js:162150:10)\n    at Async.drainQueues (http://localhost:44799/__cypress/runner/cypress_runner.js:162024:14)",
                "diff": ""
              },
              "uuid": "c45b1f3b-d541-472c-813f-8ea3114e6d44",
              "parentUUID": "b7ab46de-d697-4779-9cfe-32301faa9ce7",
              "isHook": false,
              "skipped": false
            }
          ],
          "suites": [],
          "passes": [],
          "failures": [
            "b7c06f1a-d68b-44e6-8826-2da5ea3ec143",
            "c45b1f3b-d541-472c-813f-8ea3114e6d44"
          ],
          "pending": [],
          "skipped": [],
          "duration": 1037,
          "root": false,
          "rootEmpty": false,
          "_timeout": 2000
        }
      ],
      "passes": [],
      "failures": [],
      "pending": [],
      "skipped": [],
      "duration": 0,
      "root": true,
      "rootEmpty": true,
      "_timeout": 2000
    }
  ],
  "meta": {
    "mocha": {
      "version": "7.0.1"
    },
    "mochawesome": {
      "options": {
        "quiet": false,
        "reportFilename": "mochawesome",
        "saveHtml": false,
        "saveJson": true,
        "consoleReporter": "spec",
        "useInlineDiffs": false
      },
      "version": "4.1.0"
    },
    "marge": {
      "options": {
        "id": "default",
        "reportDir": "cypress/reports",
        "overwrite": true,
        "html": false,
        "json": true
      },
      "version": "4.1.0"
    }
  }
}